16:32:23.793 INFO  i.c.s.n.SocialNetworkApplication - Starting SocialNetworkApplication on TungThanh with PID 15916 (C:\Users\caoth\OneDrive\Desktop\springboost\SpringBootSocialNetwork\web.social.network\target\classes started by caoth in C:\Users\caoth\OneDrive\Desktop\springboost\SpringBootSocialNetwork)
16:32:23.796 DEBUG i.c.s.n.SocialNetworkApplication - Running with Spring Boot v2.1.7.RELEASE, Spring v5.1.9.RELEASE
16:32:23.796 INFO  i.c.s.n.SocialNetworkApplication - The following profiles are active: dev
16:32:23.838 INFO  o.s.b.d.e.DevToolsPropertyDefaultsPostProcessor - Devtools property defaults active! Set 'spring.devtools.add-properties' to 'false' to disable
16:32:23.838 INFO  o.s.b.d.e.DevToolsPropertyDefaultsPostProcessor - For additional web related logging consider setting the 'logging.level.web' property to 'DEBUG'
16:32:25.418 INFO  o.s.d.r.c.RepositoryConfigurationDelegate - Bootstrapping Spring Data repositories in DEFAULT mode.
16:32:25.513 INFO  o.s.d.r.c.RepositoryConfigurationDelegate - Finished Spring Data repository scanning in 84ms. Found 4 repository interfaces.
16:32:25.915 INFO  o.s.c.s.PostProcessorRegistrationDelegate$BeanPostProcessorChecker - Bean 'org.springframework.transaction.annotation.ProxyTransactionManagementConfiguration' of type [org.springframework.transaction.annotation.ProxyTransactionManagementConfiguration$$EnhancerBySpringCGLIB$$b7f611fd] is not eligible for getting processed by all BeanPostProcessors (for example: not eligible for auto-proxying)
16:32:26.208 INFO  o.s.b.w.e.tomcat.TomcatWebServer - Tomcat initialized with port(s): 8080 (http)
16:32:26.222 INFO  o.a.coyote.http11.Http11NioProtocol - Initializing ProtocolHandler ["http-nio-8080"]
16:32:26.228 INFO  o.a.catalina.core.StandardService - Starting service [Tomcat]
16:32:26.228 INFO  o.a.catalina.core.StandardEngine - Starting Servlet engine: [Apache Tomcat/9.0.22]
16:32:26.319 INFO  o.a.c.c.C.[Tomcat].[localhost].[/] - Initializing Spring embedded WebApplicationContext
16:32:26.319 INFO  o.s.web.context.ContextLoader - Root WebApplicationContext: initialization completed in 2481 ms
16:32:26.762 INFO  com.zaxxer.hikari.HikariDataSource - HikariPool-1 - Starting...
16:32:26.913 INFO  com.zaxxer.hikari.HikariDataSource - HikariPool-1 - Start completed.
16:32:26.971 INFO  o.h.jpa.internal.util.LogHelper - HHH000204: Processing PersistenceUnitInfo [
	name: default
	...]
16:32:27.049 INFO  org.hibernate.Version - HHH000412: Hibernate Core {5.3.10.Final}
16:32:27.051 INFO  org.hibernate.cfg.Environment - HHH000206: hibernate.properties not found
16:32:27.238 INFO  o.h.annotations.common.Version - HCANN000001: Hibernate Commons Annotations {5.0.4.Final}
16:32:27.382 INFO  org.hibernate.dialect.Dialect - HHH000400: Using dialect: org.hibernate.dialect.H2Dialect
16:32:28.026 DEBUG org.hibernate.SQL - drop table friendship if exists
16:32:28.028 DEBUG org.hibernate.SQL - drop table messages if exists
16:32:28.028 DEBUG org.hibernate.SQL - drop table role if exists
16:32:28.028 DEBUG org.hibernate.SQL - drop table user if exists
16:32:28.028 DEBUG org.hibernate.SQL - drop table user_role if exists
16:32:28.030 DEBUG org.hibernate.SQL - create table friendship (id bigint generated by default as identity, accepted boolean, user_receiver bigint, user_sender bigint, primary key (id))
16:32:28.038 DEBUG org.hibernate.SQL - create table messages (id integer generated by default as identity, message varchar(255), time timestamp, receiver bigint, sender bigint, primary key (id))
16:32:28.039 DEBUG org.hibernate.SQL - create table role (id bigint generated by default as identity, name varchar(255), primary key (id))
16:32:28.040 DEBUG org.hibernate.SQL - create table user (id bigint generated by default as identity, date_of_birth date, username varchar(255), first_name varchar(255), image varchar(255), last_name varchar(255), password varchar(255), phone varchar(255), sex integer, primary key (id))
16:32:28.041 DEBUG org.hibernate.SQL - create table user_role (user_id bigint not null, role_id bigint not null)
16:32:28.041 DEBUG org.hibernate.SQL - alter table user add constraint UK_sb8bbouer5wak8vyiiy4pf2bx unique (username)
16:32:28.044 DEBUG org.hibernate.SQL - alter table friendship add constraint FKlf0nqje9k08cimvk4tsnb2bgg foreign key (user_receiver) references user
16:32:28.047 DEBUG org.hibernate.SQL - alter table friendship add constraint FKngs34a7uptf3lmnefiigk1ktd foreign key (user_sender) references user
16:32:28.049 DEBUG org.hibernate.SQL - alter table messages add constraint FK8q4vrb5gjo5j0t8gv51qj3se9 foreign key (receiver) references user
16:32:28.050 DEBUG org.hibernate.SQL - alter table messages add constraint FKelhs6sn3e7n5nhphoiht9jqes foreign key (sender) references user
16:32:28.051 DEBUG org.hibernate.SQL - alter table user_role add constraint FKa68196081fvovjhkek5m97n3y foreign key (role_id) references role
16:32:28.052 DEBUG org.hibernate.SQL - alter table user_role add constraint FK859n2jvi8ivhui0rl0esws6o foreign key (user_id) references user
16:32:28.055 INFO  o.h.t.s.internal.SchemaCreatorImpl - HHH000476: Executing import script 'org.hibernate.tool.schema.internal.exec.ScriptSourceInputNonExistentImpl@3236efb3'
16:32:28.056 INFO  o.s.o.j.LocalContainerEntityManagerFactoryBean - Initialized JPA EntityManagerFactory for persistence unit 'default'
16:32:28.091 INFO  o.s.b.d.a.OptionalLiveReloadServer - LiveReload server is running on port 35729
16:32:28.828 INFO  o.s.s.web.DefaultSecurityFilterChain - Creating filter chain: any request, [org.springframework.security.web.context.request.async.WebAsyncManagerIntegrationFilter@4e16e9cb, org.springframework.security.web.context.SecurityContextPersistenceFilter@76a32bb6, org.springframework.security.web.header.HeaderWriterFilter@3b44bec3, org.springframework.security.web.csrf.CsrfFilter@443e3722, org.springframework.security.web.authentication.logout.LogoutFilter@70789e92, org.springframework.security.web.authentication.UsernamePasswordAuthenticationFilter@5f1b1b71, org.springframework.security.web.savedrequest.RequestCacheAwareFilter@4c6f1e5d, org.springframework.security.web.servletapi.SecurityContextHolderAwareRequestFilter@7a9ceec2, org.springframework.security.web.authentication.AnonymousAuthenticationFilter@7a4a4048, org.springframework.security.web.session.SessionManagementFilter@2c858564, org.springframework.security.web.access.ExceptionTranslationFilter@3931b29b, org.springframework.security.web.access.intercept.FilterSecurityInterceptor@7ae2402e]
16:32:28.957 INFO  o.s.s.c.ThreadPoolTaskExecutor - Initializing ExecutorService 'applicationTaskExecutor'
16:32:28.998 WARN  o.s.b.a.o.j.JpaBaseConfiguration$JpaWebConfiguration$JpaWebMvcConfiguration - spring.jpa.open-in-view is enabled by default. Therefore, database queries may be performed during view rendering. Explicitly configure spring.jpa.open-in-view to disable this warning
16:32:29.031 INFO  o.s.b.a.w.s.WelcomePageHandlerMapping - Adding welcome page template: index
16:32:29.248 INFO  o.s.b.a.e.web.EndpointLinksResolver - Exposing 9 endpoint(s) beneath base path ''
16:32:29.420 INFO  o.a.coyote.http11.Http11NioProtocol - Starting ProtocolHandler ["http-nio-8080"]
16:32:29.441 INFO  o.s.b.w.e.tomcat.TomcatWebServer - Tomcat started on port(s): 8080 (http) with context path ''
16:32:29.444 INFO  i.c.s.n.SocialNetworkApplication - Started SocialNetworkApplication in 6.121 seconds (JVM running for 7.322)
16:32:29.945 INFO  o.a.c.c.C.[Tomcat].[localhost].[/] - Initializing Spring DispatcherServlet 'dispatcherServlet'
16:32:29.945 INFO  o.s.web.servlet.DispatcherServlet - Initializing Servlet 'dispatcherServlet'
16:32:29.951 INFO  o.s.web.servlet.DispatcherServlet - Completed initialization in 6 ms
16:36:54.387 INFO  o.s.s.c.ThreadPoolTaskExecutor - Shutting down ExecutorService 'applicationTaskExecutor'
16:36:54.390 INFO  o.s.o.j.LocalContainerEntityManagerFactoryBean - Closing JPA EntityManagerFactory for persistence unit 'default'
16:36:54.395 WARN  o.s.b.f.s.DisposableBeanAdapter - Invocation of destroy method failed on bean with name 'inMemoryDatabaseShutdownExecutor': org.h2.jdbc.JdbcSQLNonTransientConnectionException: Database is already closed (to disable automatic closing at VM shutdown, add ";DB_CLOSE_ON_EXIT=FALSE" to the db URL) [90121-199]
16:36:54.396 INFO  com.zaxxer.hikari.HikariDataSource - HikariPool-1 - Shutdown initiated...
16:36:54.398 INFO  com.zaxxer.hikari.HikariDataSource - HikariPool-1 - Shutdown completed.
16:37:57.544 INFO  i.c.s.n.SocialNetworkApplication - Starting SocialNetworkApplication on TungThanh with PID 10792 (C:\Users\caoth\OneDrive\Desktop\springboost\SpringBootSocialNetwork\web.social.network\target\classes started by caoth in C:\Users\caoth\OneDrive\Desktop\springboost\SpringBootSocialNetwork)
16:37:57.547 DEBUG i.c.s.n.SocialNetworkApplication - Running with Spring Boot v2.1.7.RELEASE, Spring v5.1.9.RELEASE
16:37:57.547 INFO  i.c.s.n.SocialNetworkApplication - The following profiles are active: dev
16:37:57.610 INFO  o.s.b.d.e.DevToolsPropertyDefaultsPostProcessor - Devtools property defaults active! Set 'spring.devtools.add-properties' to 'false' to disable
16:37:57.610 INFO  o.s.b.d.e.DevToolsPropertyDefaultsPostProcessor - For additional web related logging consider setting the 'logging.level.web' property to 'DEBUG'
16:37:58.815 INFO  o.s.d.r.c.RepositoryConfigurationDelegate - Bootstrapping Spring Data repositories in DEFAULT mode.
16:37:58.881 INFO  o.s.d.r.c.RepositoryConfigurationDelegate - Finished Spring Data repository scanning in 60ms. Found 4 repository interfaces.
16:37:59.251 INFO  o.s.c.s.PostProcessorRegistrationDelegate$BeanPostProcessorChecker - Bean 'org.springframework.transaction.annotation.ProxyTransactionManagementConfiguration' of type [org.springframework.transaction.annotation.ProxyTransactionManagementConfiguration$$EnhancerBySpringCGLIB$$459b1b58] is not eligible for getting processed by all BeanPostProcessors (for example: not eligible for auto-proxying)
16:37:59.513 INFO  o.s.b.w.e.tomcat.TomcatWebServer - Tomcat initialized with port(s): 8080 (http)
16:37:59.527 INFO  o.a.coyote.http11.Http11NioProtocol - Initializing ProtocolHandler ["http-nio-8080"]
16:37:59.533 INFO  o.a.catalina.core.StandardService - Starting service [Tomcat]
16:37:59.533 INFO  o.a.catalina.core.StandardEngine - Starting Servlet engine: [Apache Tomcat/9.0.22]
16:37:59.612 INFO  o.a.c.c.C.[Tomcat].[localhost].[/] - Initializing Spring embedded WebApplicationContext
16:37:59.612 INFO  o.s.web.context.ContextLoader - Root WebApplicationContext: initialization completed in 2002 ms
16:37:59.995 INFO  com.zaxxer.hikari.HikariDataSource - HikariPool-1 - Starting...
16:38:00.125 INFO  com.zaxxer.hikari.HikariDataSource - HikariPool-1 - Start completed.
16:38:00.166 INFO  o.h.jpa.internal.util.LogHelper - HHH000204: Processing PersistenceUnitInfo [
	name: default
	...]
16:38:00.219 INFO  org.hibernate.Version - HHH000412: Hibernate Core {5.3.10.Final}
16:38:00.222 INFO  org.hibernate.cfg.Environment - HHH000206: hibernate.properties not found
16:38:00.344 INFO  o.h.annotations.common.Version - HCANN000001: Hibernate Commons Annotations {5.0.4.Final}
16:38:00.461 INFO  org.hibernate.dialect.Dialect - HHH000400: Using dialect: org.hibernate.dialect.H2Dialect
16:38:01.060 DEBUG org.hibernate.SQL - drop table friendship if exists
16:38:01.063 DEBUG org.hibernate.SQL - drop table messages if exists
16:38:01.063 DEBUG org.hibernate.SQL - drop table role if exists
16:38:01.063 DEBUG org.hibernate.SQL - drop table user if exists
16:38:01.063 DEBUG org.hibernate.SQL - drop table user_role if exists
16:38:01.066 DEBUG org.hibernate.SQL - create table friendship (id bigint generated by default as identity, accepted boolean, user_receiver bigint, user_sender bigint, primary key (id))
16:38:01.076 DEBUG org.hibernate.SQL - create table messages (id integer generated by default as identity, message varchar(255), time timestamp, receiver bigint, sender bigint, primary key (id))
16:38:01.077 DEBUG org.hibernate.SQL - create table role (id bigint generated by default as identity, name varchar(255), primary key (id))
16:38:01.079 DEBUG org.hibernate.SQL - create table user (id bigint generated by default as identity, date_of_birth date, username varchar(255), first_name varchar(255), image varchar(255), last_name varchar(255), password varchar(255), phone varchar(255), sex integer, primary key (id))
16:38:01.081 DEBUG org.hibernate.SQL - create table user_role (user_id bigint not null, role_id bigint not null)
16:38:01.083 DEBUG org.hibernate.SQL - alter table user add constraint UK_sb8bbouer5wak8vyiiy4pf2bx unique (username)
16:38:01.086 DEBUG org.hibernate.SQL - alter table friendship add constraint FKlf0nqje9k08cimvk4tsnb2bgg foreign key (user_receiver) references user
16:38:01.095 DEBUG org.hibernate.SQL - alter table friendship add constraint FKngs34a7uptf3lmnefiigk1ktd foreign key (user_sender) references user
16:38:01.097 DEBUG org.hibernate.SQL - alter table messages add constraint FK8q4vrb5gjo5j0t8gv51qj3se9 foreign key (receiver) references user
16:38:01.098 DEBUG org.hibernate.SQL - alter table messages add constraint FKelhs6sn3e7n5nhphoiht9jqes foreign key (sender) references user
16:38:01.100 DEBUG org.hibernate.SQL - alter table user_role add constraint FKa68196081fvovjhkek5m97n3y foreign key (role_id) references role
16:38:01.104 DEBUG org.hibernate.SQL - alter table user_role add constraint FK859n2jvi8ivhui0rl0esws6o foreign key (user_id) references user
16:38:01.108 INFO  o.h.t.s.internal.SchemaCreatorImpl - HHH000476: Executing import script 'org.hibernate.tool.schema.internal.exec.ScriptSourceInputNonExistentImpl@25e8e36b'
16:38:01.110 INFO  o.s.o.j.LocalContainerEntityManagerFactoryBean - Initialized JPA EntityManagerFactory for persistence unit 'default'
16:38:01.161 INFO  o.s.b.d.a.OptionalLiveReloadServer - LiveReload server is running on port 35729
16:38:01.760 INFO  o.s.s.web.DefaultSecurityFilterChain - Creating filter chain: any request, [org.springframework.security.web.context.request.async.WebAsyncManagerIntegrationFilter@44a2c86e, org.springframework.security.web.context.SecurityContextPersistenceFilter@26e83975, org.springframework.security.web.header.HeaderWriterFilter@17583d73, org.springframework.security.web.csrf.CsrfFilter@6a6a96c1, org.springframework.security.web.authentication.logout.LogoutFilter@7cc863fc, org.springframework.security.web.authentication.UsernamePasswordAuthenticationFilter@29dea944, org.springframework.security.web.savedrequest.RequestCacheAwareFilter@3e16f76b, org.springframework.security.web.servletapi.SecurityContextHolderAwareRequestFilter@123b7f45, org.springframework.security.web.authentication.AnonymousAuthenticationFilter@7b6d0c93, org.springframework.security.web.session.SessionManagementFilter@156c0ebb, org.springframework.security.web.access.ExceptionTranslationFilter@33db17c2, org.springframework.security.web.access.intercept.FilterSecurityInterceptor@39d08ffe]
16:38:01.877 INFO  o.s.s.c.ThreadPoolTaskExecutor - Initializing ExecutorService 'applicationTaskExecutor'
16:38:01.923 WARN  o.s.b.a.o.j.JpaBaseConfiguration$JpaWebConfiguration$JpaWebMvcConfiguration - spring.jpa.open-in-view is enabled by default. Therefore, database queries may be performed during view rendering. Explicitly configure spring.jpa.open-in-view to disable this warning
16:38:01.952 INFO  o.s.b.a.w.s.WelcomePageHandlerMapping - Adding welcome page template: index
16:38:02.142 INFO  o.s.b.a.e.web.EndpointLinksResolver - Exposing 9 endpoint(s) beneath base path ''
16:38:02.245 INFO  o.a.coyote.http11.Http11NioProtocol - Starting ProtocolHandler ["http-nio-8080"]
16:38:02.274 INFO  o.s.b.w.e.tomcat.TomcatWebServer - Tomcat started on port(s): 8080 (http) with context path ''
16:38:02.276 INFO  i.c.s.n.SocialNetworkApplication - Started SocialNetworkApplication in 5.232 seconds (JVM running for 5.994)
16:38:02.635 INFO  o.a.c.c.C.[Tomcat].[localhost].[/] - Initializing Spring DispatcherServlet 'dispatcherServlet'
16:38:02.636 INFO  o.s.web.servlet.DispatcherServlet - Initializing Servlet 'dispatcherServlet'
16:38:02.643 INFO  o.s.web.servlet.DispatcherServlet - Completed initialization in 7 ms
16:44:02.552 INFO  o.s.s.c.ThreadPoolTaskExecutor - Shutting down ExecutorService 'applicationTaskExecutor'
16:44:02.555 INFO  o.s.o.j.LocalContainerEntityManagerFactoryBean - Closing JPA EntityManagerFactory for persistence unit 'default'
16:44:02.563 WARN  o.s.b.f.s.DisposableBeanAdapter - Invocation of destroy method failed on bean with name 'inMemoryDatabaseShutdownExecutor': org.h2.jdbc.JdbcSQLNonTransientConnectionException: Database is already closed (to disable automatic closing at VM shutdown, add ";DB_CLOSE_ON_EXIT=FALSE" to the db URL) [90121-199]
16:44:02.564 INFO  com.zaxxer.hikari.HikariDataSource - HikariPool-1 - Shutdown initiated...
16:44:02.566 INFO  com.zaxxer.hikari.HikariDataSource - HikariPool-1 - Shutdown completed.
16:46:32.825 INFO  i.c.s.n.SocialNetworkApplication - Starting SocialNetworkApplication on TungThanh with PID 13652 (C:\Users\caoth\OneDrive\Desktop\springboost\SpringBootSocialNetwork\web.social.network\target\classes started by caoth in C:\Users\caoth\OneDrive\Desktop\springboost\SpringBootSocialNetwork)
16:46:32.827 DEBUG i.c.s.n.SocialNetworkApplication - Running with Spring Boot v2.1.7.RELEASE, Spring v5.1.9.RELEASE
16:46:32.827 INFO  i.c.s.n.SocialNetworkApplication - The following profiles are active: dev
16:46:32.866 INFO  o.s.b.d.e.DevToolsPropertyDefaultsPostProcessor - Devtools property defaults active! Set 'spring.devtools.add-properties' to 'false' to disable
16:46:32.866 INFO  o.s.b.d.e.DevToolsPropertyDefaultsPostProcessor - For additional web related logging consider setting the 'logging.level.web' property to 'DEBUG'
16:46:33.969 INFO  o.s.d.r.c.RepositoryConfigurationDelegate - Bootstrapping Spring Data repositories in DEFAULT mode.
16:46:34.042 INFO  o.s.d.r.c.RepositoryConfigurationDelegate - Finished Spring Data repository scanning in 67ms. Found 4 repository interfaces.
16:46:34.427 INFO  o.s.c.s.PostProcessorRegistrationDelegate$BeanPostProcessorChecker - Bean 'org.springframework.transaction.annotation.ProxyTransactionManagementConfiguration' of type [org.springframework.transaction.annotation.ProxyTransactionManagementConfiguration$$EnhancerBySpringCGLIB$$29aa70f3] is not eligible for getting processed by all BeanPostProcessors (for example: not eligible for auto-proxying)
16:46:34.693 INFO  o.s.b.w.e.tomcat.TomcatWebServer - Tomcat initialized with port(s): 8080 (http)
16:46:34.706 INFO  o.a.coyote.http11.Http11NioProtocol - Initializing ProtocolHandler ["http-nio-8080"]
16:46:34.713 INFO  o.a.catalina.core.StandardService - Starting service [Tomcat]
16:46:34.713 INFO  o.a.catalina.core.StandardEngine - Starting Servlet engine: [Apache Tomcat/9.0.22]
16:46:34.798 INFO  o.a.c.c.C.[Tomcat].[localhost].[/] - Initializing Spring embedded WebApplicationContext
16:46:34.799 INFO  o.s.web.context.ContextLoader - Root WebApplicationContext: initialization completed in 1933 ms
16:46:35.221 INFO  com.zaxxer.hikari.HikariDataSource - HikariPool-1 - Starting...
16:46:35.371 INFO  com.zaxxer.hikari.HikariDataSource - HikariPool-1 - Start completed.
16:46:35.425 INFO  o.h.jpa.internal.util.LogHelper - HHH000204: Processing PersistenceUnitInfo [
	name: default
	...]
16:46:35.515 INFO  org.hibernate.Version - HHH000412: Hibernate Core {5.3.10.Final}
16:46:35.517 INFO  org.hibernate.cfg.Environment - HHH000206: hibernate.properties not found
16:46:35.701 INFO  o.h.annotations.common.Version - HCANN000001: Hibernate Commons Annotations {5.0.4.Final}
16:46:35.856 INFO  org.hibernate.dialect.Dialect - HHH000400: Using dialect: org.hibernate.dialect.H2Dialect
16:46:36.513 DEBUG org.hibernate.SQL - drop table friendship if exists
16:46:36.515 DEBUG org.hibernate.SQL - drop table messages if exists
16:46:36.515 DEBUG org.hibernate.SQL - drop table role if exists
16:46:36.515 DEBUG org.hibernate.SQL - drop table user if exists
16:46:36.515 DEBUG org.hibernate.SQL - drop table user_role if exists
16:46:36.517 DEBUG org.hibernate.SQL - create table friendship (id bigint generated by default as identity, accepted boolean, user_receiver bigint, user_sender bigint, primary key (id))
16:46:36.524 DEBUG org.hibernate.SQL - create table messages (id integer generated by default as identity, message varchar(255), time timestamp, receiver bigint, sender bigint, primary key (id))
16:46:36.525 DEBUG org.hibernate.SQL - create table role (id bigint generated by default as identity, name varchar(255), primary key (id))
16:46:36.526 DEBUG org.hibernate.SQL - create table user (id bigint generated by default as identity, date_of_birth date, username varchar(255), first_name varchar(255), image varchar(255), last_name varchar(255), password varchar(255), phone varchar(255), sex integer, primary key (id))
16:46:36.528 DEBUG org.hibernate.SQL - create table user_role (user_id bigint not null, role_id bigint not null)
16:46:36.528 DEBUG org.hibernate.SQL - alter table user add constraint UK_sb8bbouer5wak8vyiiy4pf2bx unique (username)
16:46:36.530 DEBUG org.hibernate.SQL - alter table friendship add constraint FKlf0nqje9k08cimvk4tsnb2bgg foreign key (user_receiver) references user
16:46:36.534 DEBUG org.hibernate.SQL - alter table friendship add constraint FKngs34a7uptf3lmnefiigk1ktd foreign key (user_sender) references user
16:46:36.536 DEBUG org.hibernate.SQL - alter table messages add constraint FK8q4vrb5gjo5j0t8gv51qj3se9 foreign key (receiver) references user
16:46:36.536 DEBUG org.hibernate.SQL - alter table messages add constraint FKelhs6sn3e7n5nhphoiht9jqes foreign key (sender) references user
16:46:36.537 DEBUG org.hibernate.SQL - alter table user_role add constraint FKa68196081fvovjhkek5m97n3y foreign key (role_id) references role
16:46:36.538 DEBUG org.hibernate.SQL - alter table user_role add constraint FK859n2jvi8ivhui0rl0esws6o foreign key (user_id) references user
16:46:36.540 INFO  o.h.t.s.internal.SchemaCreatorImpl - HHH000476: Executing import script 'org.hibernate.tool.schema.internal.exec.ScriptSourceInputNonExistentImpl@657322d7'
16:46:36.542 INFO  o.s.o.j.LocalContainerEntityManagerFactoryBean - Initialized JPA EntityManagerFactory for persistence unit 'default'
16:46:36.574 INFO  o.s.b.d.a.OptionalLiveReloadServer - LiveReload server is running on port 35729
16:46:37.216 INFO  o.s.s.web.DefaultSecurityFilterChain - Creating filter chain: any request, [org.springframework.security.web.context.request.async.WebAsyncManagerIntegrationFilter@592c9305, org.springframework.security.web.context.SecurityContextPersistenceFilter@6a760d04, org.springframework.security.web.header.HeaderWriterFilter@7801836b, org.springframework.security.web.csrf.CsrfFilter@7cc863fc, org.springframework.security.web.authentication.logout.LogoutFilter@3a47d708, org.springframework.security.web.authentication.UsernamePasswordAuthenticationFilter@e11080f, org.springframework.security.web.savedrequest.RequestCacheAwareFilter@6d093a3f, org.springframework.security.web.servletapi.SecurityContextHolderAwareRequestFilter@ac99a97, org.springframework.security.web.authentication.AnonymousAuthenticationFilter@58c324ee, org.springframework.security.web.session.SessionManagementFilter@4c6f03f7, org.springframework.security.web.access.ExceptionTranslationFilter@e15d83e, org.springframework.security.web.access.intercept.FilterSecurityInterceptor@6a527ea0]
16:46:37.333 INFO  o.s.s.c.ThreadPoolTaskExecutor - Initializing ExecutorService 'applicationTaskExecutor'
16:46:37.372 WARN  o.s.b.a.o.j.JpaBaseConfiguration$JpaWebConfiguration$JpaWebMvcConfiguration - spring.jpa.open-in-view is enabled by default. Therefore, database queries may be performed during view rendering. Explicitly configure spring.jpa.open-in-view to disable this warning
16:46:37.409 INFO  o.s.b.a.w.s.WelcomePageHandlerMapping - Adding welcome page template: index
16:46:37.619 INFO  o.s.b.a.e.web.EndpointLinksResolver - Exposing 9 endpoint(s) beneath base path ''
16:46:37.721 INFO  o.a.coyote.http11.Http11NioProtocol - Starting ProtocolHandler ["http-nio-8080"]
16:46:37.744 INFO  o.s.b.w.e.tomcat.TomcatWebServer - Tomcat started on port(s): 8080 (http) with context path ''
16:46:37.748 INFO  i.c.s.n.SocialNetworkApplication - Started SocialNetworkApplication in 5.227 seconds (JVM running for 5.961)
16:46:38.083 INFO  o.a.c.c.C.[Tomcat].[localhost].[/] - Initializing Spring DispatcherServlet 'dispatcherServlet'
16:46:38.083 INFO  o.s.web.servlet.DispatcherServlet - Initializing Servlet 'dispatcherServlet'
16:46:38.090 INFO  o.s.web.servlet.DispatcherServlet - Completed initialization in 7 ms
16:48:35.536 DEBUG org.hibernate.SQL - select user0_.id as id1_3_, user0_.date_of_birth as date_of_2_3_, user0_.username as username3_3_, user0_.first_name as first_na4_3_, user0_.image as image5_3_, user0_.last_name as last_nam6_3_, user0_.password as password7_3_, user0_.phone as phone8_3_, user0_.sex as sex9_3_ from user user0_ where user0_.username=?
16:48:35.625 DEBUG org.hibernate.SQL - select role0_.id as id1_2_, role0_.name as name2_2_ from role role0_ where role0_.name=?
16:48:35.655 DEBUG org.hibernate.SQL - insert into user (id, date_of_birth, username, first_name, image, last_name, password, phone, sex) values (null, ?, ?, ?, ?, ?, ?, ?, ?)
16:48:35.670 DEBUG org.hibernate.SQL - insert into user_role (user_id, role_id) values (?, ?)
16:48:58.230 DEBUG org.hibernate.SQL - select user0_.id as id1_3_, user0_.date_of_birth as date_of_2_3_, user0_.username as username3_3_, user0_.first_name as first_na4_3_, user0_.image as image5_3_, user0_.last_name as last_nam6_3_, user0_.password as password7_3_, user0_.phone as phone8_3_, user0_.sex as sex9_3_ from user user0_ where user0_.username=?
16:48:58.235 DEBUG org.hibernate.SQL - select roles0_.user_id as user_id1_4_0_, roles0_.role_id as role_id2_4_0_, role1_.id as id1_2_1_, role1_.name as name2_2_1_ from user_role roles0_ inner join role role1_ on roles0_.role_id=role1_.id where roles0_.user_id=?
16:48:58.369 DEBUG org.hibernate.SQL - select user0_.id as id1_3_, user0_.date_of_birth as date_of_2_3_, user0_.username as username3_3_, user0_.first_name as first_na4_3_, user0_.image as image5_3_, user0_.last_name as last_nam6_3_, user0_.password as password7_3_, user0_.phone as phone8_3_, user0_.sex as sex9_3_ from user user0_ where user0_.username=?
16:48:58.369 DEBUG org.hibernate.SQL - select roles0_.user_id as user_id1_4_0_, roles0_.role_id as role_id2_4_0_, role1_.id as id1_2_1_, role1_.name as name2_2_1_ from user_role roles0_ inner join role role1_ on roles0_.role_id=role1_.id where roles0_.user_id=?
16:48:58.385 DEBUG org.hibernate.SQL - select message0_.id as id1_1_, message0_.message as message2_1_, message0_.receiver as receiver4_1_, message0_.sender as sender5_1_, message0_.time as time3_1_ from messages message0_ left outer join user user1_ on message0_.sender=user1_.id left outer join user user2_ on message0_.receiver=user2_.id where user1_.id=? or user2_.id=? order by message0_.id desc limit ?
16:48:58.392 DEBUG org.hibernate.SQL - select friendship0_.id as id1_0_, friendship0_.accepted as accepted2_0_, friendship0_.user_receiver as user_rec3_0_, friendship0_.user_sender as user_sen4_0_ from friendship friendship0_ where (friendship0_.user_sender=? or friendship0_.user_receiver=?) and friendship0_.accepted=1
16:49:10.688 DEBUG org.hibernate.SQL - select message0_.id as id1_1_, message0_.message as message2_1_, message0_.receiver as receiver4_1_, message0_.sender as sender5_1_, message0_.time as time3_1_ from messages message0_ left outer join user user1_ on message0_.sender=user1_.id left outer join user user2_ on message0_.receiver=user2_.id where user1_.id=? or user2_.id=? order by message0_.id desc limit ?
16:49:10.690 DEBUG org.hibernate.SQL - select friendship0_.id as id1_0_, friendship0_.accepted as accepted2_0_, friendship0_.user_receiver as user_rec3_0_, friendship0_.user_sender as user_sen4_0_ from friendship friendship0_ where (friendship0_.user_sender=? or friendship0_.user_receiver=?) and friendship0_.accepted=1
16:49:18.861 DEBUG org.hibernate.SQL - select message0_.id as id1_1_, message0_.message as message2_1_, message0_.receiver as receiver4_1_, message0_.sender as sender5_1_, message0_.time as time3_1_ from messages message0_ where (message0_.id in (select max(message1_.id) from messages message1_ group by message1_.sender , message1_.receiver)) and (message0_.sender=? or message0_.receiver=?)
16:49:19.953 DEBUG org.hibernate.SQL - select friendship0_.id as id1_0_, friendship0_.accepted as accepted2_0_, friendship0_.user_receiver as user_rec3_0_, friendship0_.user_sender as user_sen4_0_ from friendship friendship0_ left outer join user user1_ on friendship0_.user_sender=user1_.id left outer join user user2_ on friendship0_.user_receiver=user2_.id where user1_.id=? or user2_.id=?
16:49:28.925 DEBUG org.hibernate.SQL - select user0_.id as id1_3_, user0_.date_of_birth as date_of_2_3_, user0_.username as username3_3_, user0_.first_name as first_na4_3_, user0_.image as image5_3_, user0_.last_name as last_nam6_3_, user0_.password as password7_3_, user0_.phone as phone8_3_, user0_.sex as sex9_3_ from user user0_ where user0_.id<>? order by user0_.last_name asc, user0_.first_name asc limit ?
16:49:28.928 DEBUG org.hibernate.SQL - select roles0_.user_id as user_id1_4_0_, roles0_.role_id as role_id2_4_0_, role1_.id as id1_2_1_, role1_.name as name2_2_1_ from user_role roles0_ inner join role role1_ on roles0_.role_id=role1_.id where roles0_.user_id=?
16:49:28.931 DEBUG org.hibernate.SQL - select roles0_.user_id as user_id1_4_0_, roles0_.role_id as role_id2_4_0_, role1_.id as id1_2_1_, role1_.name as name2_2_1_ from user_role roles0_ inner join role role1_ on roles0_.role_id=role1_.id where roles0_.user_id=?
16:49:28.932 DEBUG org.hibernate.SQL - select roles0_.user_id as user_id1_4_0_, roles0_.role_id as role_id2_4_0_, role1_.id as id1_2_1_, role1_.name as name2_2_1_ from user_role roles0_ inner join role role1_ on roles0_.role_id=role1_.id where roles0_.user_id=?
16:49:28.938 DEBUG org.hibernate.SQL - select count(user0_.id) as col_0_0_ from user user0_ where user0_.id<>?
16:49:34.020 DEBUG org.hibernate.SQL - select user0_.id as id1_3_, user0_.date_of_birth as date_of_2_3_, user0_.username as username3_3_, user0_.first_name as first_na4_3_, user0_.image as image5_3_, user0_.last_name as last_nam6_3_, user0_.password as password7_3_, user0_.phone as phone8_3_, user0_.sex as sex9_3_ from user user0_ where user0_.id<>? order by user0_.last_name asc, user0_.first_name asc limit ?
16:49:34.023 DEBUG org.hibernate.SQL - select roles0_.user_id as user_id1_4_0_, roles0_.role_id as role_id2_4_0_, role1_.id as id1_2_1_, role1_.name as name2_2_1_ from user_role roles0_ inner join role role1_ on roles0_.role_id=role1_.id where roles0_.user_id=?
16:49:34.024 DEBUG org.hibernate.SQL - select roles0_.user_id as user_id1_4_0_, roles0_.role_id as role_id2_4_0_, role1_.id as id1_2_1_, role1_.name as name2_2_1_ from user_role roles0_ inner join role role1_ on roles0_.role_id=role1_.id where roles0_.user_id=?
16:49:34.025 DEBUG org.hibernate.SQL - select roles0_.user_id as user_id1_4_0_, roles0_.role_id as role_id2_4_0_, role1_.id as id1_2_1_, role1_.name as name2_2_1_ from user_role roles0_ inner join role role1_ on roles0_.role_id=role1_.id where roles0_.user_id=?
16:49:34.026 DEBUG org.hibernate.SQL - select count(user0_.id) as col_0_0_ from user user0_ where user0_.id<>?
16:49:34.528 DEBUG org.hibernate.SQL - select friendship0_.id as id1_0_, friendship0_.accepted as accepted2_0_, friendship0_.user_receiver as user_rec3_0_, friendship0_.user_sender as user_sen4_0_ from friendship friendship0_ left outer join user user1_ on friendship0_.user_sender=user1_.id left outer join user user2_ on friendship0_.user_receiver=user2_.id where user1_.id=? or user2_.id=?
16:49:35.294 DEBUG org.hibernate.SQL - select user0_.id as id1_3_, user0_.date_of_birth as date_of_2_3_, user0_.username as username3_3_, user0_.first_name as first_na4_3_, user0_.image as image5_3_, user0_.last_name as last_nam6_3_, user0_.password as password7_3_, user0_.phone as phone8_3_, user0_.sex as sex9_3_ from user user0_ where user0_.id<>? order by user0_.last_name asc, user0_.first_name asc limit ?
16:49:35.296 DEBUG org.hibernate.SQL - select roles0_.user_id as user_id1_4_0_, roles0_.role_id as role_id2_4_0_, role1_.id as id1_2_1_, role1_.name as name2_2_1_ from user_role roles0_ inner join role role1_ on roles0_.role_id=role1_.id where roles0_.user_id=?
16:49:35.297 DEBUG org.hibernate.SQL - select roles0_.user_id as user_id1_4_0_, roles0_.role_id as role_id2_4_0_, role1_.id as id1_2_1_, role1_.name as name2_2_1_ from user_role roles0_ inner join role role1_ on roles0_.role_id=role1_.id where roles0_.user_id=?
16:49:35.297 DEBUG org.hibernate.SQL - select roles0_.user_id as user_id1_4_0_, roles0_.role_id as role_id2_4_0_, role1_.id as id1_2_1_, role1_.name as name2_2_1_ from user_role roles0_ inner join role role1_ on roles0_.role_id=role1_.id where roles0_.user_id=?
16:49:35.299 DEBUG org.hibernate.SQL - select count(user0_.id) as col_0_0_ from user user0_ where user0_.id<>?
16:49:36.856 DEBUG org.hibernate.SQL - select user0_.id as id1_3_0_, user0_.date_of_birth as date_of_2_3_0_, user0_.username as username3_3_0_, user0_.first_name as first_na4_3_0_, user0_.image as image5_3_0_, user0_.last_name as last_nam6_3_0_, user0_.password as password7_3_0_, user0_.phone as phone8_3_0_, user0_.sex as sex9_3_0_, roles1_.user_id as user_id1_4_1_, role2_.id as role_id2_4_1_, role2_.id as id1_2_2_, role2_.name as name2_2_2_ from user user0_ left outer join user_role roles1_ on user0_.id=roles1_.user_id left outer join role role2_ on roles1_.role_id=role2_.id where user0_.id=?
16:49:36.862 DEBUG org.hibernate.SQL - select message0_.id as id1_1_, message0_.message as message2_1_, message0_.receiver as receiver4_1_, message0_.sender as sender5_1_, message0_.time as time3_1_ from messages message0_ where message0_.sender=? and message0_.receiver=? or message0_.sender=? and message0_.receiver=? order by message0_.time
16:49:38.899 DEBUG org.hibernate.SQL - select user0_.id as id1_3_0_, user0_.date_of_birth as date_of_2_3_0_, user0_.username as username3_3_0_, user0_.first_name as first_na4_3_0_, user0_.image as image5_3_0_, user0_.last_name as last_nam6_3_0_, user0_.password as password7_3_0_, user0_.phone as phone8_3_0_, user0_.sex as sex9_3_0_, roles1_.user_id as user_id1_4_1_, role2_.id as role_id2_4_1_, role2_.id as id1_2_2_, role2_.name as name2_2_2_ from user user0_ left outer join user_role roles1_ on user0_.id=roles1_.user_id left outer join role role2_ on roles1_.role_id=role2_.id where user0_.id=?
16:49:38.900 DEBUG org.hibernate.SQL - select message0_.id as id1_1_, message0_.message as message2_1_, message0_.receiver as receiver4_1_, message0_.sender as sender5_1_, message0_.time as time3_1_ from messages message0_ where message0_.sender=? and message0_.receiver=? or message0_.sender=? and message0_.receiver=? order by message0_.time
16:49:41.157 DEBUG org.hibernate.SQL - select user0_.id as id1_3_0_, user0_.date_of_birth as date_of_2_3_0_, user0_.username as username3_3_0_, user0_.first_name as first_na4_3_0_, user0_.image as image5_3_0_, user0_.last_name as last_nam6_3_0_, user0_.password as password7_3_0_, user0_.phone as phone8_3_0_, user0_.sex as sex9_3_0_, roles1_.user_id as user_id1_4_1_, role2_.id as role_id2_4_1_, role2_.id as id1_2_2_, role2_.name as name2_2_2_ from user user0_ left outer join user_role roles1_ on user0_.id=roles1_.user_id left outer join role role2_ on roles1_.role_id=role2_.id where user0_.id=?
16:49:41.307 DEBUG org.hibernate.SQL - insert into messages (id, message, receiver, sender, time) values (null, ?, ?, ?, ?)
16:49:41.319 DEBUG org.hibernate.SQL - select user0_.id as id1_3_0_, user0_.date_of_birth as date_of_2_3_0_, user0_.username as username3_3_0_, user0_.first_name as first_na4_3_0_, user0_.image as image5_3_0_, user0_.last_name as last_nam6_3_0_, user0_.password as password7_3_0_, user0_.phone as phone8_3_0_, user0_.sex as sex9_3_0_, roles1_.user_id as user_id1_4_1_, role2_.id as role_id2_4_1_, role2_.id as id1_2_2_, role2_.name as name2_2_2_ from user user0_ left outer join user_role roles1_ on user0_.id=roles1_.user_id left outer join role role2_ on roles1_.role_id=role2_.id where user0_.id=?
16:49:41.320 DEBUG org.hibernate.SQL - select message0_.id as id1_1_, message0_.message as message2_1_, message0_.receiver as receiver4_1_, message0_.sender as sender5_1_, message0_.time as time3_1_ from messages message0_ where message0_.sender=? and message0_.receiver=? or message0_.sender=? and message0_.receiver=? order by message0_.time
16:49:41.321 DEBUG org.hibernate.SQL - select user0_.id as id1_3_0_, user0_.date_of_birth as date_of_2_3_0_, user0_.username as username3_3_0_, user0_.first_name as first_na4_3_0_, user0_.image as image5_3_0_, user0_.last_name as last_nam6_3_0_, user0_.password as password7_3_0_, user0_.phone as phone8_3_0_, user0_.sex as sex9_3_0_, roles1_.user_id as user_id1_4_1_, role2_.id as role_id2_4_1_, role2_.id as id1_2_2_, role2_.name as name2_2_2_ from user user0_ left outer join user_role roles1_ on user0_.id=roles1_.user_id left outer join role role2_ on roles1_.role_id=role2_.id where user0_.id=?
16:49:43.298 DEBUG org.hibernate.SQL - select friendship0_.id as id1_0_, friendship0_.accepted as accepted2_0_, friendship0_.user_receiver as user_rec3_0_, friendship0_.user_sender as user_sen4_0_ from friendship friendship0_ left outer join user user1_ on friendship0_.user_sender=user1_.id left outer join user user2_ on friendship0_.user_receiver=user2_.id where user1_.id=? or user2_.id=?
16:49:43.901 DEBUG org.hibernate.SQL - select user0_.id as id1_3_, user0_.date_of_birth as date_of_2_3_, user0_.username as username3_3_, user0_.first_name as first_na4_3_, user0_.image as image5_3_, user0_.last_name as last_nam6_3_, user0_.password as password7_3_, user0_.phone as phone8_3_, user0_.sex as sex9_3_ from user user0_ where user0_.id<>? order by user0_.last_name asc, user0_.first_name asc limit ?
16:49:43.902 DEBUG org.hibernate.SQL - select roles0_.user_id as user_id1_4_0_, roles0_.role_id as role_id2_4_0_, role1_.id as id1_2_1_, role1_.name as name2_2_1_ from user_role roles0_ inner join role role1_ on roles0_.role_id=role1_.id where roles0_.user_id=?
16:49:43.903 DEBUG org.hibernate.SQL - select roles0_.user_id as user_id1_4_0_, roles0_.role_id as role_id2_4_0_, role1_.id as id1_2_1_, role1_.name as name2_2_1_ from user_role roles0_ inner join role role1_ on roles0_.role_id=role1_.id where roles0_.user_id=?
16:49:43.903 DEBUG org.hibernate.SQL - select roles0_.user_id as user_id1_4_0_, roles0_.role_id as role_id2_4_0_, role1_.id as id1_2_1_, role1_.name as name2_2_1_ from user_role roles0_ inner join role role1_ on roles0_.role_id=role1_.id where roles0_.user_id=?
16:49:43.904 DEBUG org.hibernate.SQL - select count(user0_.id) as col_0_0_ from user user0_ where user0_.id<>?
16:49:46.904 DEBUG org.hibernate.SQL - select user0_.id as id1_3_0_, user0_.date_of_birth as date_of_2_3_0_, user0_.username as username3_3_0_, user0_.first_name as first_na4_3_0_, user0_.image as image5_3_0_, user0_.last_name as last_nam6_3_0_, user0_.password as password7_3_0_, user0_.phone as phone8_3_0_, user0_.sex as sex9_3_0_, roles1_.user_id as user_id1_4_1_, role2_.id as role_id2_4_1_, role2_.id as id1_2_2_, role2_.name as name2_2_2_ from user user0_ left outer join user_role roles1_ on user0_.id=roles1_.user_id left outer join role role2_ on roles1_.role_id=role2_.id where user0_.id=?
16:49:46.906 DEBUG org.hibernate.SQL - select friendship0_.id as id1_0_, friendship0_.accepted as accepted2_0_, friendship0_.user_receiver as user_rec3_0_, friendship0_.user_sender as user_sen4_0_ from friendship friendship0_ where (friendship0_.user_sender=? or friendship0_.user_receiver=?) and friendship0_.accepted=1
16:49:46.908 DEBUG org.hibernate.SQL - select user0_.id as id1_3_0_, user0_.date_of_birth as date_of_2_3_0_, user0_.username as username3_3_0_, user0_.first_name as first_na4_3_0_, user0_.image as image5_3_0_, user0_.last_name as last_nam6_3_0_, user0_.password as password7_3_0_, user0_.phone as phone8_3_0_, user0_.sex as sex9_3_0_, roles1_.user_id as user_id1_4_1_, role2_.id as role_id2_4_1_, role2_.id as id1_2_2_, role2_.name as name2_2_2_ from user user0_ left outer join user_role roles1_ on user0_.id=roles1_.user_id left outer join role role2_ on roles1_.role_id=role2_.id where user0_.id=?
16:49:46.909 DEBUG org.hibernate.SQL - select user0_.id as id1_3_0_, user0_.date_of_birth as date_of_2_3_0_, user0_.username as username3_3_0_, user0_.first_name as first_na4_3_0_, user0_.image as image5_3_0_, user0_.last_name as last_nam6_3_0_, user0_.password as password7_3_0_, user0_.phone as phone8_3_0_, user0_.sex as sex9_3_0_, roles1_.user_id as user_id1_4_1_, role2_.id as role_id2_4_1_, role2_.id as id1_2_2_, role2_.name as name2_2_2_ from user user0_ left outer join user_role roles1_ on user0_.id=roles1_.user_id left outer join role role2_ on roles1_.role_id=role2_.id where user0_.id=?
16:49:47.068 DEBUG org.hibernate.SQL - select case when count(friendship0_.id)>0 then 1 else 0 end as col_0_0_ from friendship friendship0_ where friendship0_.user_sender=? and friendship0_.user_receiver=? or friendship0_.user_sender=? and friendship0_.user_receiver=?
16:49:48.607 DEBUG org.hibernate.SQL - select user0_.id as id1_3_0_, user0_.date_of_birth as date_of_2_3_0_, user0_.username as username3_3_0_, user0_.first_name as first_na4_3_0_, user0_.image as image5_3_0_, user0_.last_name as last_nam6_3_0_, user0_.password as password7_3_0_, user0_.phone as phone8_3_0_, user0_.sex as sex9_3_0_, roles1_.user_id as user_id1_4_1_, role2_.id as role_id2_4_1_, role2_.id as id1_2_2_, role2_.name as name2_2_2_ from user user0_ left outer join user_role roles1_ on user0_.id=roles1_.user_id left outer join role role2_ on roles1_.role_id=role2_.id where user0_.id=?
16:49:48.630 DEBUG org.hibernate.SQL - insert into friendship (user_sender, user_receiver, accepted) VALUES (?, ?, false)
16:49:48.638 DEBUG org.hibernate.SQL - select friendship0_.id as id1_0_, friendship0_.accepted as accepted2_0_, friendship0_.user_receiver as user_rec3_0_, friendship0_.user_sender as user_sen4_0_ from friendship friendship0_ left outer join user user1_ on friendship0_.user_sender=user1_.id left outer join user user2_ on friendship0_.user_receiver=user2_.id where user1_.id=? or user2_.id=?
16:49:48.638 DEBUG org.hibernate.SQL - select user0_.id as id1_3_0_, user0_.date_of_birth as date_of_2_3_0_, user0_.username as username3_3_0_, user0_.first_name as first_na4_3_0_, user0_.image as image5_3_0_, user0_.last_name as last_nam6_3_0_, user0_.password as password7_3_0_, user0_.phone as phone8_3_0_, user0_.sex as sex9_3_0_, roles1_.user_id as user_id1_4_1_, role2_.id as role_id2_4_1_, role2_.id as id1_2_2_, role2_.name as name2_2_2_ from user user0_ left outer join user_role roles1_ on user0_.id=roles1_.user_id left outer join role role2_ on roles1_.role_id=role2_.id where user0_.id=?
16:49:48.639 DEBUG org.hibernate.SQL - select user0_.id as id1_3_0_, user0_.date_of_birth as date_of_2_3_0_, user0_.username as username3_3_0_, user0_.first_name as first_na4_3_0_, user0_.image as image5_3_0_, user0_.last_name as last_nam6_3_0_, user0_.password as password7_3_0_, user0_.phone as phone8_3_0_, user0_.sex as sex9_3_0_, roles1_.user_id as user_id1_4_1_, role2_.id as role_id2_4_1_, role2_.id as id1_2_2_, role2_.name as name2_2_2_ from user user0_ left outer join user_role roles1_ on user0_.id=roles1_.user_id left outer join role role2_ on roles1_.role_id=role2_.id where user0_.id=?
16:49:54.251 DEBUG org.hibernate.SQL - select friendship0_.id as id1_0_, friendship0_.accepted as accepted2_0_, friendship0_.user_receiver as user_rec3_0_, friendship0_.user_sender as user_sen4_0_ from friendship friendship0_ left outer join user user1_ on friendship0_.user_sender=user1_.id left outer join user user2_ on friendship0_.user_receiver=user2_.id where user1_.id=? or user2_.id=?
16:49:54.252 DEBUG org.hibernate.SQL - select user0_.id as id1_3_0_, user0_.date_of_birth as date_of_2_3_0_, user0_.username as username3_3_0_, user0_.first_name as first_na4_3_0_, user0_.image as image5_3_0_, user0_.last_name as last_nam6_3_0_, user0_.password as password7_3_0_, user0_.phone as phone8_3_0_, user0_.sex as sex9_3_0_, roles1_.user_id as user_id1_4_1_, role2_.id as role_id2_4_1_, role2_.id as id1_2_2_, role2_.name as name2_2_2_ from user user0_ left outer join user_role roles1_ on user0_.id=roles1_.user_id left outer join role role2_ on roles1_.role_id=role2_.id where user0_.id=?
16:49:54.253 DEBUG org.hibernate.SQL - select user0_.id as id1_3_0_, user0_.date_of_birth as date_of_2_3_0_, user0_.username as username3_3_0_, user0_.first_name as first_na4_3_0_, user0_.image as image5_3_0_, user0_.last_name as last_nam6_3_0_, user0_.password as password7_3_0_, user0_.phone as phone8_3_0_, user0_.sex as sex9_3_0_, roles1_.user_id as user_id1_4_1_, role2_.id as role_id2_4_1_, role2_.id as id1_2_2_, role2_.name as name2_2_2_ from user user0_ left outer join user_role roles1_ on user0_.id=roles1_.user_id left outer join role role2_ on roles1_.role_id=role2_.id where user0_.id=?
16:49:57.370 DEBUG org.hibernate.SQL - select friendship0_.id as id1_0_, friendship0_.accepted as accepted2_0_, friendship0_.user_receiver as user_rec3_0_, friendship0_.user_sender as user_sen4_0_ from friendship friendship0_ left outer join user user1_ on friendship0_.user_sender=user1_.id left outer join user user2_ on friendship0_.user_receiver=user2_.id where user1_.id=? or user2_.id=?
16:49:57.371 DEBUG org.hibernate.SQL - select user0_.id as id1_3_0_, user0_.date_of_birth as date_of_2_3_0_, user0_.username as username3_3_0_, user0_.first_name as first_na4_3_0_, user0_.image as image5_3_0_, user0_.last_name as last_nam6_3_0_, user0_.password as password7_3_0_, user0_.phone as phone8_3_0_, user0_.sex as sex9_3_0_, roles1_.user_id as user_id1_4_1_, role2_.id as role_id2_4_1_, role2_.id as id1_2_2_, role2_.name as name2_2_2_ from user user0_ left outer join user_role roles1_ on user0_.id=roles1_.user_id left outer join role role2_ on roles1_.role_id=role2_.id where user0_.id=?
16:49:57.373 DEBUG org.hibernate.SQL - select user0_.id as id1_3_0_, user0_.date_of_birth as date_of_2_3_0_, user0_.username as username3_3_0_, user0_.first_name as first_na4_3_0_, user0_.image as image5_3_0_, user0_.last_name as last_nam6_3_0_, user0_.password as password7_3_0_, user0_.phone as phone8_3_0_, user0_.sex as sex9_3_0_, roles1_.user_id as user_id1_4_1_, role2_.id as role_id2_4_1_, role2_.id as id1_2_2_, role2_.name as name2_2_2_ from user user0_ left outer join user_role roles1_ on user0_.id=roles1_.user_id left outer join role role2_ on roles1_.role_id=role2_.id where user0_.id=?
16:49:58.852 DEBUG org.hibernate.SQL - select friendship0_.id as id1_0_, friendship0_.accepted as accepted2_0_, friendship0_.user_receiver as user_rec3_0_, friendship0_.user_sender as user_sen4_0_ from friendship friendship0_ left outer join user user1_ on friendship0_.user_sender=user1_.id left outer join user user2_ on friendship0_.user_receiver=user2_.id where user1_.id=? or user2_.id=?
16:49:58.852 DEBUG org.hibernate.SQL - select user0_.id as id1_3_0_, user0_.date_of_birth as date_of_2_3_0_, user0_.username as username3_3_0_, user0_.first_name as first_na4_3_0_, user0_.image as image5_3_0_, user0_.last_name as last_nam6_3_0_, user0_.password as password7_3_0_, user0_.phone as phone8_3_0_, user0_.sex as sex9_3_0_, roles1_.user_id as user_id1_4_1_, role2_.id as role_id2_4_1_, role2_.id as id1_2_2_, role2_.name as name2_2_2_ from user user0_ left outer join user_role roles1_ on user0_.id=roles1_.user_id left outer join role role2_ on roles1_.role_id=role2_.id where user0_.id=?
16:49:58.853 DEBUG org.hibernate.SQL - select user0_.id as id1_3_0_, user0_.date_of_birth as date_of_2_3_0_, user0_.username as username3_3_0_, user0_.first_name as first_na4_3_0_, user0_.image as image5_3_0_, user0_.last_name as last_nam6_3_0_, user0_.password as password7_3_0_, user0_.phone as phone8_3_0_, user0_.sex as sex9_3_0_, roles1_.user_id as user_id1_4_1_, role2_.id as role_id2_4_1_, role2_.id as id1_2_2_, role2_.name as name2_2_2_ from user user0_ left outer join user_role roles1_ on user0_.id=roles1_.user_id left outer join role role2_ on roles1_.role_id=role2_.id where user0_.id=?
16:50:22.434 DEBUG org.hibernate.SQL - select friendship0_.id as id1_0_, friendship0_.accepted as accepted2_0_, friendship0_.user_receiver as user_rec3_0_, friendship0_.user_sender as user_sen4_0_ from friendship friendship0_ left outer join user user1_ on friendship0_.user_sender=user1_.id left outer join user user2_ on friendship0_.user_receiver=user2_.id where user1_.id=? or user2_.id=?
16:50:22.434 DEBUG org.hibernate.SQL - select user0_.id as id1_3_0_, user0_.date_of_birth as date_of_2_3_0_, user0_.username as username3_3_0_, user0_.first_name as first_na4_3_0_, user0_.image as image5_3_0_, user0_.last_name as last_nam6_3_0_, user0_.password as password7_3_0_, user0_.phone as phone8_3_0_, user0_.sex as sex9_3_0_, roles1_.user_id as user_id1_4_1_, role2_.id as role_id2_4_1_, role2_.id as id1_2_2_, role2_.name as name2_2_2_ from user user0_ left outer join user_role roles1_ on user0_.id=roles1_.user_id left outer join role role2_ on roles1_.role_id=role2_.id where user0_.id=?
16:50:22.436 DEBUG org.hibernate.SQL - select user0_.id as id1_3_0_, user0_.date_of_birth as date_of_2_3_0_, user0_.username as username3_3_0_, user0_.first_name as first_na4_3_0_, user0_.image as image5_3_0_, user0_.last_name as last_nam6_3_0_, user0_.password as password7_3_0_, user0_.phone as phone8_3_0_, user0_.sex as sex9_3_0_, roles1_.user_id as user_id1_4_1_, role2_.id as role_id2_4_1_, role2_.id as id1_2_2_, role2_.name as name2_2_2_ from user user0_ left outer join user_role roles1_ on user0_.id=roles1_.user_id left outer join role role2_ on roles1_.role_id=role2_.id where user0_.id=?
16:50:23.753 DEBUG org.hibernate.SQL - select friendship0_.id as id1_0_, friendship0_.accepted as accepted2_0_, friendship0_.user_receiver as user_rec3_0_, friendship0_.user_sender as user_sen4_0_ from friendship friendship0_ left outer join user user1_ on friendship0_.user_sender=user1_.id left outer join user user2_ on friendship0_.user_receiver=user2_.id where user1_.id=? or user2_.id=?
16:50:23.753 DEBUG org.hibernate.SQL - select user0_.id as id1_3_0_, user0_.date_of_birth as date_of_2_3_0_, user0_.username as username3_3_0_, user0_.first_name as first_na4_3_0_, user0_.image as image5_3_0_, user0_.last_name as last_nam6_3_0_, user0_.password as password7_3_0_, user0_.phone as phone8_3_0_, user0_.sex as sex9_3_0_, roles1_.user_id as user_id1_4_1_, role2_.id as role_id2_4_1_, role2_.id as id1_2_2_, role2_.name as name2_2_2_ from user user0_ left outer join user_role roles1_ on user0_.id=roles1_.user_id left outer join role role2_ on roles1_.role_id=role2_.id where user0_.id=?
16:50:23.754 DEBUG org.hibernate.SQL - select user0_.id as id1_3_0_, user0_.date_of_birth as date_of_2_3_0_, user0_.username as username3_3_0_, user0_.first_name as first_na4_3_0_, user0_.image as image5_3_0_, user0_.last_name as last_nam6_3_0_, user0_.password as password7_3_0_, user0_.phone as phone8_3_0_, user0_.sex as sex9_3_0_, roles1_.user_id as user_id1_4_1_, role2_.id as role_id2_4_1_, role2_.id as id1_2_2_, role2_.name as name2_2_2_ from user user0_ left outer join user_role roles1_ on user0_.id=roles1_.user_id left outer join role role2_ on roles1_.role_id=role2_.id where user0_.id=?
16:50:26.573 DEBUG org.hibernate.SQL - select friendship0_.id as id1_0_, friendship0_.accepted as accepted2_0_, friendship0_.user_receiver as user_rec3_0_, friendship0_.user_sender as user_sen4_0_ from friendship friendship0_ left outer join user user1_ on friendship0_.user_sender=user1_.id left outer join user user2_ on friendship0_.user_receiver=user2_.id where user1_.id=? or user2_.id=?
16:50:26.574 DEBUG org.hibernate.SQL - select user0_.id as id1_3_0_, user0_.date_of_birth as date_of_2_3_0_, user0_.username as username3_3_0_, user0_.first_name as first_na4_3_0_, user0_.image as image5_3_0_, user0_.last_name as last_nam6_3_0_, user0_.password as password7_3_0_, user0_.phone as phone8_3_0_, user0_.sex as sex9_3_0_, roles1_.user_id as user_id1_4_1_, role2_.id as role_id2_4_1_, role2_.id as id1_2_2_, role2_.name as name2_2_2_ from user user0_ left outer join user_role roles1_ on user0_.id=roles1_.user_id left outer join role role2_ on roles1_.role_id=role2_.id where user0_.id=?
16:50:26.575 DEBUG org.hibernate.SQL - select user0_.id as id1_3_0_, user0_.date_of_birth as date_of_2_3_0_, user0_.username as username3_3_0_, user0_.first_name as first_na4_3_0_, user0_.image as image5_3_0_, user0_.last_name as last_nam6_3_0_, user0_.password as password7_3_0_, user0_.phone as phone8_3_0_, user0_.sex as sex9_3_0_, roles1_.user_id as user_id1_4_1_, role2_.id as role_id2_4_1_, role2_.id as id1_2_2_, role2_.name as name2_2_2_ from user user0_ left outer join user_role roles1_ on user0_.id=roles1_.user_id left outer join role role2_ on roles1_.role_id=role2_.id where user0_.id=?
16:51:37.926 DEBUG org.hibernate.SQL - select friendship0_.id as id1_0_, friendship0_.accepted as accepted2_0_, friendship0_.user_receiver as user_rec3_0_, friendship0_.user_sender as user_sen4_0_ from friendship friendship0_ left outer join user user1_ on friendship0_.user_sender=user1_.id left outer join user user2_ on friendship0_.user_receiver=user2_.id where user1_.id=? or user2_.id=?
16:51:37.928 DEBUG org.hibernate.SQL - select user0_.id as id1_3_0_, user0_.date_of_birth as date_of_2_3_0_, user0_.username as username3_3_0_, user0_.first_name as first_na4_3_0_, user0_.image as image5_3_0_, user0_.last_name as last_nam6_3_0_, user0_.password as password7_3_0_, user0_.phone as phone8_3_0_, user0_.sex as sex9_3_0_, roles1_.user_id as user_id1_4_1_, role2_.id as role_id2_4_1_, role2_.id as id1_2_2_, role2_.name as name2_2_2_ from user user0_ left outer join user_role roles1_ on user0_.id=roles1_.user_id left outer join role role2_ on roles1_.role_id=role2_.id where user0_.id=?
16:51:37.929 DEBUG org.hibernate.SQL - select user0_.id as id1_3_0_, user0_.date_of_birth as date_of_2_3_0_, user0_.username as username3_3_0_, user0_.first_name as first_na4_3_0_, user0_.image as image5_3_0_, user0_.last_name as last_nam6_3_0_, user0_.password as password7_3_0_, user0_.phone as phone8_3_0_, user0_.sex as sex9_3_0_, roles1_.user_id as user_id1_4_1_, role2_.id as role_id2_4_1_, role2_.id as id1_2_2_, role2_.name as name2_2_2_ from user user0_ left outer join user_role roles1_ on user0_.id=roles1_.user_id left outer join role role2_ on roles1_.role_id=role2_.id where user0_.id=?
16:51:40.095 DEBUG org.hibernate.SQL - select friendship0_.id as id1_0_, friendship0_.accepted as accepted2_0_, friendship0_.user_receiver as user_rec3_0_, friendship0_.user_sender as user_sen4_0_ from friendship friendship0_ left outer join user user1_ on friendship0_.user_sender=user1_.id left outer join user user2_ on friendship0_.user_receiver=user2_.id where user1_.id=? or user2_.id=?
16:51:40.096 DEBUG org.hibernate.SQL - select user0_.id as id1_3_0_, user0_.date_of_birth as date_of_2_3_0_, user0_.username as username3_3_0_, user0_.first_name as first_na4_3_0_, user0_.image as image5_3_0_, user0_.last_name as last_nam6_3_0_, user0_.password as password7_3_0_, user0_.phone as phone8_3_0_, user0_.sex as sex9_3_0_, roles1_.user_id as user_id1_4_1_, role2_.id as role_id2_4_1_, role2_.id as id1_2_2_, role2_.name as name2_2_2_ from user user0_ left outer join user_role roles1_ on user0_.id=roles1_.user_id left outer join role role2_ on roles1_.role_id=role2_.id where user0_.id=?
16:51:40.096 DEBUG org.hibernate.SQL - select user0_.id as id1_3_0_, user0_.date_of_birth as date_of_2_3_0_, user0_.username as username3_3_0_, user0_.first_name as first_na4_3_0_, user0_.image as image5_3_0_, user0_.last_name as last_nam6_3_0_, user0_.password as password7_3_0_, user0_.phone as phone8_3_0_, user0_.sex as sex9_3_0_, roles1_.user_id as user_id1_4_1_, role2_.id as role_id2_4_1_, role2_.id as id1_2_2_, role2_.name as name2_2_2_ from user user0_ left outer join user_role roles1_ on user0_.id=roles1_.user_id left outer join role role2_ on roles1_.role_id=role2_.id where user0_.id=?
16:51:42.130 DEBUG org.hibernate.SQL - select friendship0_.id as id1_0_, friendship0_.accepted as accepted2_0_, friendship0_.user_receiver as user_rec3_0_, friendship0_.user_sender as user_sen4_0_ from friendship friendship0_ left outer join user user1_ on friendship0_.user_sender=user1_.id left outer join user user2_ on friendship0_.user_receiver=user2_.id where user1_.id=? or user2_.id=?
16:51:42.130 DEBUG org.hibernate.SQL - select user0_.id as id1_3_0_, user0_.date_of_birth as date_of_2_3_0_, user0_.username as username3_3_0_, user0_.first_name as first_na4_3_0_, user0_.image as image5_3_0_, user0_.last_name as last_nam6_3_0_, user0_.password as password7_3_0_, user0_.phone as phone8_3_0_, user0_.sex as sex9_3_0_, roles1_.user_id as user_id1_4_1_, role2_.id as role_id2_4_1_, role2_.id as id1_2_2_, role2_.name as name2_2_2_ from user user0_ left outer join user_role roles1_ on user0_.id=roles1_.user_id left outer join role role2_ on roles1_.role_id=role2_.id where user0_.id=?
16:51:42.131 DEBUG org.hibernate.SQL - select user0_.id as id1_3_0_, user0_.date_of_birth as date_of_2_3_0_, user0_.username as username3_3_0_, user0_.first_name as first_na4_3_0_, user0_.image as image5_3_0_, user0_.last_name as last_nam6_3_0_, user0_.password as password7_3_0_, user0_.phone as phone8_3_0_, user0_.sex as sex9_3_0_, roles1_.user_id as user_id1_4_1_, role2_.id as role_id2_4_1_, role2_.id as id1_2_2_, role2_.name as name2_2_2_ from user user0_ left outer join user_role roles1_ on user0_.id=roles1_.user_id left outer join role role2_ on roles1_.role_id=role2_.id where user0_.id=?
16:54:05.687 INFO  o.s.s.c.ThreadPoolTaskExecutor - Shutting down ExecutorService 'applicationTaskExecutor'
16:54:05.688 INFO  o.s.o.j.LocalContainerEntityManagerFactoryBean - Closing JPA EntityManagerFactory for persistence unit 'default'
16:54:05.693 WARN  o.s.b.f.s.DisposableBeanAdapter - Invocation of destroy method failed on bean with name 'inMemoryDatabaseShutdownExecutor': org.h2.jdbc.JdbcSQLNonTransientConnectionException: Database is already closed (to disable automatic closing at VM shutdown, add ";DB_CLOSE_ON_EXIT=FALSE" to the db URL) [90121-199]
16:54:05.694 INFO  com.zaxxer.hikari.HikariDataSource - HikariPool-1 - Shutdown initiated...
16:54:05.695 INFO  com.zaxxer.hikari.HikariDataSource - HikariPool-1 - Shutdown completed.
16:54:08.367 INFO  i.c.s.n.SocialNetworkApplication - Starting SocialNetworkApplication on TungThanh with PID 13988 (C:\Users\caoth\OneDrive\Desktop\springboost\SpringBootSocialNetwork\web.social.network\target\classes started by caoth in C:\Users\caoth\OneDrive\Desktop\springboost\SpringBootSocialNetwork)
16:54:08.370 DEBUG i.c.s.n.SocialNetworkApplication - Running with Spring Boot v2.1.7.RELEASE, Spring v5.1.9.RELEASE
16:54:08.370 INFO  i.c.s.n.SocialNetworkApplication - The following profiles are active: dev
16:54:08.420 INFO  o.s.b.d.e.DevToolsPropertyDefaultsPostProcessor - Devtools property defaults active! Set 'spring.devtools.add-properties' to 'false' to disable
16:54:08.421 INFO  o.s.b.d.e.DevToolsPropertyDefaultsPostProcessor - For additional web related logging consider setting the 'logging.level.web' property to 'DEBUG'
16:54:09.346 INFO  o.s.d.r.c.RepositoryConfigurationDelegate - Bootstrapping Spring Data repositories in DEFAULT mode.
16:54:09.417 INFO  o.s.d.r.c.RepositoryConfigurationDelegate - Finished Spring Data repository scanning in 64ms. Found 4 repository interfaces.
16:54:09.798 INFO  o.s.c.s.PostProcessorRegistrationDelegate$BeanPostProcessorChecker - Bean 'org.springframework.transaction.annotation.ProxyTransactionManagementConfiguration' of type [org.springframework.transaction.annotation.ProxyTransactionManagementConfiguration$$EnhancerBySpringCGLIB$$4c4e797e] is not eligible for getting processed by all BeanPostProcessors (for example: not eligible for auto-proxying)
16:54:10.064 INFO  o.s.b.w.e.tomcat.TomcatWebServer - Tomcat initialized with port(s): 8080 (http)
16:54:10.079 INFO  o.a.coyote.http11.Http11NioProtocol - Initializing ProtocolHandler ["http-nio-8080"]
16:54:10.085 INFO  o.a.catalina.core.StandardService - Starting service [Tomcat]
16:54:10.086 INFO  o.a.catalina.core.StandardEngine - Starting Servlet engine: [Apache Tomcat/9.0.22]
16:54:10.173 INFO  o.a.c.c.C.[Tomcat].[localhost].[/] - Initializing Spring embedded WebApplicationContext
16:54:10.173 INFO  o.s.web.context.ContextLoader - Root WebApplicationContext: initialization completed in 1752 ms
16:54:10.625 INFO  com.zaxxer.hikari.HikariDataSource - HikariPool-1 - Starting...
16:54:10.754 INFO  com.zaxxer.hikari.HikariDataSource - HikariPool-1 - Start completed.
16:54:10.806 INFO  o.h.jpa.internal.util.LogHelper - HHH000204: Processing PersistenceUnitInfo [
	name: default
	...]
16:54:10.895 INFO  org.hibernate.Version - HHH000412: Hibernate Core {5.3.10.Final}
16:54:10.896 INFO  org.hibernate.cfg.Environment - HHH000206: hibernate.properties not found
16:54:11.071 INFO  o.h.annotations.common.Version - HCANN000001: Hibernate Commons Annotations {5.0.4.Final}
16:54:11.223 INFO  org.hibernate.dialect.Dialect - HHH000400: Using dialect: org.hibernate.dialect.H2Dialect
16:54:11.881 DEBUG org.hibernate.SQL - drop table friendship if exists
16:54:11.883 DEBUG org.hibernate.SQL - drop table messages if exists
16:54:11.883 DEBUG org.hibernate.SQL - drop table role if exists
16:54:11.883 DEBUG org.hibernate.SQL - drop table user if exists
16:54:11.883 DEBUG org.hibernate.SQL - drop table user_role if exists
16:54:11.885 DEBUG org.hibernate.SQL - create table friendship (id bigint generated by default as identity, accepted boolean, user_receiver bigint, user_sender bigint, primary key (id))
16:54:11.891 DEBUG org.hibernate.SQL - create table messages (id integer generated by default as identity, message varchar(255), time timestamp, receiver bigint, sender bigint, primary key (id))
16:54:11.892 DEBUG org.hibernate.SQL - create table role (id bigint generated by default as identity, name varchar(255), primary key (id))
16:54:11.894 DEBUG org.hibernate.SQL - create table user (id bigint generated by default as identity, date_of_birth date, username varchar(255), first_name varchar(255), image varchar(255), last_name varchar(255), password varchar(255), phone varchar(255), sex integer, primary key (id))
16:54:11.895 DEBUG org.hibernate.SQL - create table user_role (user_id bigint not null, role_id bigint not null)
16:54:11.895 DEBUG org.hibernate.SQL - alter table user add constraint UK_sb8bbouer5wak8vyiiy4pf2bx unique (username)
16:54:11.898 DEBUG org.hibernate.SQL - alter table friendship add constraint FKlf0nqje9k08cimvk4tsnb2bgg foreign key (user_receiver) references user
16:54:11.901 DEBUG org.hibernate.SQL - alter table friendship add constraint FKngs34a7uptf3lmnefiigk1ktd foreign key (user_sender) references user
16:54:11.902 DEBUG org.hibernate.SQL - alter table messages add constraint FK8q4vrb5gjo5j0t8gv51qj3se9 foreign key (receiver) references user
16:54:11.903 DEBUG org.hibernate.SQL - alter table messages add constraint FKelhs6sn3e7n5nhphoiht9jqes foreign key (sender) references user
16:54:11.905 DEBUG org.hibernate.SQL - alter table user_role add constraint FKa68196081fvovjhkek5m97n3y foreign key (role_id) references role
16:54:11.906 DEBUG org.hibernate.SQL - alter table user_role add constraint FK859n2jvi8ivhui0rl0esws6o foreign key (user_id) references user
16:54:11.909 INFO  o.h.t.s.internal.SchemaCreatorImpl - HHH000476: Executing import script 'org.hibernate.tool.schema.internal.exec.ScriptSourceInputNonExistentImpl@434a434e'
16:54:11.910 INFO  o.s.o.j.LocalContainerEntityManagerFactoryBean - Initialized JPA EntityManagerFactory for persistence unit 'default'
16:54:11.942 INFO  o.s.b.d.a.OptionalLiveReloadServer - LiveReload server is running on port 35729
16:54:12.608 INFO  o.s.s.web.DefaultSecurityFilterChain - Creating filter chain: any request, [org.springframework.security.web.context.request.async.WebAsyncManagerIntegrationFilter@56f650b3, org.springframework.security.web.context.SecurityContextPersistenceFilter@edfe3ed, org.springframework.security.web.header.HeaderWriterFilter@270f512a, org.springframework.security.web.csrf.CsrfFilter@5ddb6a2e, org.springframework.security.web.authentication.logout.LogoutFilter@7ae2402e, org.springframework.security.web.authentication.UsernamePasswordAuthenticationFilter@44a2c86e, org.springframework.security.web.savedrequest.RequestCacheAwareFilter@487243c1, org.springframework.security.web.servletapi.SecurityContextHolderAwareRequestFilter@2bf81964, org.springframework.security.web.authentication.AnonymousAuthenticationFilter@66003aa7, org.springframework.security.web.session.SessionManagementFilter@5aa07726, org.springframework.security.web.access.ExceptionTranslationFilter@4b7a3169, org.springframework.security.web.access.intercept.FilterSecurityInterceptor@3a795a33]
16:54:12.729 INFO  o.s.s.c.ThreadPoolTaskExecutor - Initializing ExecutorService 'applicationTaskExecutor'
16:54:12.766 WARN  o.s.b.a.o.j.JpaBaseConfiguration$JpaWebConfiguration$JpaWebMvcConfiguration - spring.jpa.open-in-view is enabled by default. Therefore, database queries may be performed during view rendering. Explicitly configure spring.jpa.open-in-view to disable this warning
16:54:12.796 INFO  o.s.b.a.w.s.WelcomePageHandlerMapping - Adding welcome page template: index
16:54:13.023 INFO  o.s.b.a.e.web.EndpointLinksResolver - Exposing 9 endpoint(s) beneath base path ''
16:54:13.144 INFO  o.a.coyote.http11.Http11NioProtocol - Starting ProtocolHandler ["http-nio-8080"]
16:54:13.163 INFO  o.s.b.w.e.tomcat.TomcatWebServer - Tomcat started on port(s): 8080 (http) with context path ''
16:54:13.165 INFO  i.c.s.n.SocialNetworkApplication - Started SocialNetworkApplication in 5.161 seconds (JVM running for 5.836)
16:54:13.658 INFO  o.a.c.c.C.[Tomcat].[localhost].[/] - Initializing Spring DispatcherServlet 'dispatcherServlet'
16:54:13.658 INFO  o.s.web.servlet.DispatcherServlet - Initializing Servlet 'dispatcherServlet'
16:54:13.666 INFO  o.s.web.servlet.DispatcherServlet - Completed initialization in 8 ms
16:54:24.349 ERROR i.c.s.n.e.ResponseExceptionHandler - >>>>>>>>>> Exception
16:54:24.352 ERROR i.c.s.n.e.ResponseExceptionHandler - Cannot invoke "info.cheremisin.social.network.dto.UserDTO.getId()" because "user" is null
java.lang.NullPointerException: Cannot invoke "info.cheremisin.social.network.dto.UserDTO.getId()" because "user" is null
	at info.cheremisin.social.network.controllers.FriendsController.getAllFriends(FriendsController.java:30)
	at java.base/jdk.internal.reflect.DirectMethodHandleAccessor.invoke(DirectMethodHandleAccessor.java:104)
	at java.base/java.lang.reflect.Method.invoke(Method.java:577)
	at org.springframework.web.method.support.InvocableHandlerMethod.doInvoke(InvocableHandlerMethod.java:190)
	at org.springframework.web.method.support.InvocableHandlerMethod.invokeForRequest(InvocableHandlerMethod.java:138)
	at org.springframework.web.servlet.mvc.method.annotation.ServletInvocableHandlerMethod.invokeAndHandle(ServletInvocableHandlerMethod.java:104)
	at org.springframework.web.servlet.mvc.method.annotation.RequestMappingHandlerAdapter.invokeHandlerMethod(RequestMappingHandlerAdapter.java:892)
	at org.springframework.web.servlet.mvc.method.annotation.RequestMappingHandlerAdapter.handleInternal(RequestMappingHandlerAdapter.java:797)
	at org.springframework.web.servlet.mvc.method.AbstractHandlerMethodAdapter.handle(AbstractHandlerMethodAdapter.java:87)
	at org.springframework.web.servlet.DispatcherServlet.doDispatch(DispatcherServlet.java:1039)
	at org.springframework.web.servlet.DispatcherServlet.doService(DispatcherServlet.java:942)
	at org.springframework.web.servlet.FrameworkServlet.processRequest(FrameworkServlet.java:1005)
	at org.springframework.web.servlet.FrameworkServlet.doGet(FrameworkServlet.java:897)
	at javax.servlet.http.HttpServlet.service(HttpServlet.java:634)
	at org.springframework.web.servlet.FrameworkServlet.service(FrameworkServlet.java:882)
	at javax.servlet.http.HttpServlet.service(HttpServlet.java:741)
	at org.apache.catalina.core.ApplicationFilterChain.internalDoFilter(ApplicationFilterChain.java:231)
	at org.apache.catalina.core.ApplicationFilterChain.doFilter(ApplicationFilterChain.java:166)
	at org.apache.tomcat.websocket.server.WsFilter.doFilter(WsFilter.java:53)
	at org.apache.catalina.core.ApplicationFilterChain.internalDoFilter(ApplicationFilterChain.java:193)
	at org.apache.catalina.core.ApplicationFilterChain.doFilter(ApplicationFilterChain.java:166)
	at org.springframework.boot.actuate.web.trace.servlet.HttpTraceFilter.doFilterInternal(HttpTraceFilter.java:88)
	at org.springframework.web.filter.OncePerRequestFilter.doFilter(OncePerRequestFilter.java:118)
	at org.apache.catalina.core.ApplicationFilterChain.internalDoFilter(ApplicationFilterChain.java:193)
	at org.apache.catalina.core.ApplicationFilterChain.doFilter(ApplicationFilterChain.java:166)
	at org.springframework.security.web.FilterChainProxy$VirtualFilterChain.doFilter(FilterChainProxy.java:320)
	at org.springframework.security.web.access.intercept.FilterSecurityInterceptor.invoke(FilterSecurityInterceptor.java:127)
	at org.springframework.security.web.access.intercept.FilterSecurityInterceptor.doFilter(FilterSecurityInterceptor.java:91)
	at org.springframework.security.web.FilterChainProxy$VirtualFilterChain.doFilter(FilterChainProxy.java:334)
	at org.springframework.security.web.access.ExceptionTranslationFilter.doFilter(ExceptionTranslationFilter.java:119)
	at org.springframework.security.web.FilterChainProxy$VirtualFilterChain.doFilter(FilterChainProxy.java:334)
	at org.springframework.security.web.session.SessionManagementFilter.doFilter(SessionManagementFilter.java:137)
	at org.springframework.security.web.FilterChainProxy$VirtualFilterChain.doFilter(FilterChainProxy.java:334)
	at org.springframework.security.web.authentication.AnonymousAuthenticationFilter.doFilter(AnonymousAuthenticationFilter.java:111)
	at org.springframework.security.web.FilterChainProxy$VirtualFilterChain.doFilter(FilterChainProxy.java:334)
	at org.springframework.security.web.servletapi.SecurityContextHolderAwareRequestFilter.doFilter(SecurityContextHolderAwareRequestFilter.java:170)
	at org.springframework.security.web.FilterChainProxy$VirtualFilterChain.doFilter(FilterChainProxy.java:334)
	at org.springframework.security.web.savedrequest.RequestCacheAwareFilter.doFilter(RequestCacheAwareFilter.java:63)
	at org.springframework.security.web.FilterChainProxy$VirtualFilterChain.doFilter(FilterChainProxy.java:334)
	at org.springframework.security.web.authentication.AbstractAuthenticationProcessingFilter.doFilter(AbstractAuthenticationProcessingFilter.java:200)
	at org.springframework.security.web.FilterChainProxy$VirtualFilterChain.doFilter(FilterChainProxy.java:334)
	at org.springframework.security.web.authentication.logout.LogoutFilter.doFilter(LogoutFilter.java:116)
	at org.springframework.security.web.FilterChainProxy$VirtualFilterChain.doFilter(FilterChainProxy.java:334)
	at org.springframework.security.web.csrf.CsrfFilter.doFilterInternal(CsrfFilter.java:100)
	at org.springframework.web.filter.OncePerRequestFilter.doFilter(OncePerRequestFilter.java:118)
	at org.springframework.security.web.FilterChainProxy$VirtualFilterChain.doFilter(FilterChainProxy.java:334)
	at org.springframework.security.web.header.HeaderWriterFilter.doFilterInternal(HeaderWriterFilter.java:74)
	at org.springframework.web.filter.OncePerRequestFilter.doFilter(OncePerRequestFilter.java:118)
	at org.springframework.security.web.FilterChainProxy$VirtualFilterChain.doFilter(FilterChainProxy.java:334)
	at org.springframework.security.web.context.SecurityContextPersistenceFilter.doFilter(SecurityContextPersistenceFilter.java:105)
	at org.springframework.security.web.FilterChainProxy$VirtualFilterChain.doFilter(FilterChainProxy.java:334)
	at org.springframework.security.web.context.request.async.WebAsyncManagerIntegrationFilter.doFilterInternal(WebAsyncManagerIntegrationFilter.java:56)
	at org.springframework.web.filter.OncePerRequestFilter.doFilter(OncePerRequestFilter.java:118)
	at org.springframework.security.web.FilterChainProxy$VirtualFilterChain.doFilter(FilterChainProxy.java:334)
	at org.springframework.security.web.FilterChainProxy.doFilterInternal(FilterChainProxy.java:215)
	at org.springframework.security.web.FilterChainProxy.doFilter(FilterChainProxy.java:178)
	at org.springframework.web.filter.DelegatingFilterProxy.invokeDelegate(DelegatingFilterProxy.java:357)
	at org.springframework.web.filter.DelegatingFilterProxy.doFilter(DelegatingFilterProxy.java:270)
	at org.apache.catalina.core.ApplicationFilterChain.internalDoFilter(ApplicationFilterChain.java:193)
	at org.apache.catalina.core.ApplicationFilterChain.doFilter(ApplicationFilterChain.java:166)
	at org.springframework.web.filter.RequestContextFilter.doFilterInternal(RequestContextFilter.java:99)
	at org.springframework.web.filter.OncePerRequestFilter.doFilter(OncePerRequestFilter.java:118)
	at org.apache.catalina.core.ApplicationFilterChain.internalDoFilter(ApplicationFilterChain.java:193)
	at org.apache.catalina.core.ApplicationFilterChain.doFilter(ApplicationFilterChain.java:166)
	at org.springframework.web.filter.FormContentFilter.doFilterInternal(FormContentFilter.java:92)
	at org.springframework.web.filter.OncePerRequestFilter.doFilter(OncePerRequestFilter.java:118)
	at org.apache.catalina.core.ApplicationFilterChain.internalDoFilter(ApplicationFilterChain.java:193)
	at org.apache.catalina.core.ApplicationFilterChain.doFilter(ApplicationFilterChain.java:166)
	at org.springframework.web.filter.HiddenHttpMethodFilter.doFilterInternal(HiddenHttpMethodFilter.java:93)
	at org.springframework.web.filter.OncePerRequestFilter.doFilter(OncePerRequestFilter.java:118)
	at org.apache.catalina.core.ApplicationFilterChain.internalDoFilter(ApplicationFilterChain.java:193)
	at org.apache.catalina.core.ApplicationFilterChain.doFilter(ApplicationFilterChain.java:166)
	at org.springframework.boot.actuate.metrics.web.servlet.WebMvcMetricsFilter.filterAndRecordMetrics(WebMvcMetricsFilter.java:114)
	at org.springframework.boot.actuate.metrics.web.servlet.WebMvcMetricsFilter.doFilterInternal(WebMvcMetricsFilter.java:104)
	at org.springframework.web.filter.OncePerRequestFilter.doFilter(OncePerRequestFilter.java:118)
	at org.apache.catalina.core.ApplicationFilterChain.internalDoFilter(ApplicationFilterChain.java:193)
	at org.apache.catalina.core.ApplicationFilterChain.doFilter(ApplicationFilterChain.java:166)
	at org.springframework.web.filter.CharacterEncodingFilter.doFilterInternal(CharacterEncodingFilter.java:200)
	at org.springframework.web.filter.OncePerRequestFilter.doFilter(OncePerRequestFilter.java:118)
	at org.apache.catalina.core.ApplicationFilterChain.internalDoFilter(ApplicationFilterChain.java:193)
	at org.apache.catalina.core.ApplicationFilterChain.doFilter(ApplicationFilterChain.java:166)
	at org.apache.catalina.core.StandardWrapperValve.invoke(StandardWrapperValve.java:202)
	at org.apache.catalina.core.StandardContextValve.invoke(StandardContextValve.java:96)
	at org.apache.catalina.authenticator.AuthenticatorBase.invoke(AuthenticatorBase.java:490)
	at org.apache.catalina.core.StandardHostValve.invoke(StandardHostValve.java:139)
	at org.apache.catalina.valves.ErrorReportValve.invoke(ErrorReportValve.java:92)
	at org.apache.catalina.core.StandardEngineValve.invoke(StandardEngineValve.java:74)
	at org.apache.catalina.connector.CoyoteAdapter.service(CoyoteAdapter.java:343)
	at org.apache.coyote.http11.Http11Processor.service(Http11Processor.java:408)
	at org.apache.coyote.AbstractProcessorLight.process(AbstractProcessorLight.java:66)
	at org.apache.coyote.AbstractProtocol$ConnectionHandler.process(AbstractProtocol.java:853)
	at org.apache.tomcat.util.net.NioEndpoint$SocketProcessor.doRun(NioEndpoint.java:1587)
	at org.apache.tomcat.util.net.SocketProcessorBase.run(SocketProcessorBase.java:49)
	at java.base/java.util.concurrent.ThreadPoolExecutor.runWorker(ThreadPoolExecutor.java:1136)
	at java.base/java.util.concurrent.ThreadPoolExecutor$Worker.run(ThreadPoolExecutor.java:635)
	at org.apache.tomcat.util.threads.TaskThread$WrappingRunnable.run(TaskThread.java:61)
	at java.base/java.lang.Thread.run(Thread.java:833)
16:54:24.353 WARN  o.s.w.s.m.m.a.ExceptionHandlerExceptionResolver - Resolved [java.lang.NullPointerException: Cannot invoke "info.cheremisin.social.network.dto.UserDTO.getId()" because "user" is null]
16:54:26.441 ERROR i.c.s.n.e.ResponseExceptionHandler - >>>>>>>>>> Exception
16:54:26.441 ERROR i.c.s.n.e.ResponseExceptionHandler - Cannot invoke "info.cheremisin.social.network.dto.UserDTO.getId()" because "user" is null
java.lang.NullPointerException: Cannot invoke "info.cheremisin.social.network.dto.UserDTO.getId()" because "user" is null
	at info.cheremisin.social.network.controllers.FriendsController.getAllFriends(FriendsController.java:30)
	at java.base/jdk.internal.reflect.DirectMethodHandleAccessor.invoke(DirectMethodHandleAccessor.java:104)
	at java.base/java.lang.reflect.Method.invoke(Method.java:577)
	at org.springframework.web.method.support.InvocableHandlerMethod.doInvoke(InvocableHandlerMethod.java:190)
	at org.springframework.web.method.support.InvocableHandlerMethod.invokeForRequest(InvocableHandlerMethod.java:138)
	at org.springframework.web.servlet.mvc.method.annotation.ServletInvocableHandlerMethod.invokeAndHandle(ServletInvocableHandlerMethod.java:104)
	at org.springframework.web.servlet.mvc.method.annotation.RequestMappingHandlerAdapter.invokeHandlerMethod(RequestMappingHandlerAdapter.java:892)
	at org.springframework.web.servlet.mvc.method.annotation.RequestMappingHandlerAdapter.handleInternal(RequestMappingHandlerAdapter.java:797)
	at org.springframework.web.servlet.mvc.method.AbstractHandlerMethodAdapter.handle(AbstractHandlerMethodAdapter.java:87)
	at org.springframework.web.servlet.DispatcherServlet.doDispatch(DispatcherServlet.java:1039)
	at org.springframework.web.servlet.DispatcherServlet.doService(DispatcherServlet.java:942)
	at org.springframework.web.servlet.FrameworkServlet.processRequest(FrameworkServlet.java:1005)
	at org.springframework.web.servlet.FrameworkServlet.doGet(FrameworkServlet.java:897)
	at javax.servlet.http.HttpServlet.service(HttpServlet.java:634)
	at org.springframework.web.servlet.FrameworkServlet.service(FrameworkServlet.java:882)
	at javax.servlet.http.HttpServlet.service(HttpServlet.java:741)
	at org.apache.catalina.core.ApplicationFilterChain.internalDoFilter(ApplicationFilterChain.java:231)
	at org.apache.catalina.core.ApplicationFilterChain.doFilter(ApplicationFilterChain.java:166)
	at org.apache.tomcat.websocket.server.WsFilter.doFilter(WsFilter.java:53)
	at org.apache.catalina.core.ApplicationFilterChain.internalDoFilter(ApplicationFilterChain.java:193)
	at org.apache.catalina.core.ApplicationFilterChain.doFilter(ApplicationFilterChain.java:166)
	at org.springframework.boot.actuate.web.trace.servlet.HttpTraceFilter.doFilterInternal(HttpTraceFilter.java:88)
	at org.springframework.web.filter.OncePerRequestFilter.doFilter(OncePerRequestFilter.java:118)
	at org.apache.catalina.core.ApplicationFilterChain.internalDoFilter(ApplicationFilterChain.java:193)
	at org.apache.catalina.core.ApplicationFilterChain.doFilter(ApplicationFilterChain.java:166)
	at org.springframework.security.web.FilterChainProxy$VirtualFilterChain.doFilter(FilterChainProxy.java:320)
	at org.springframework.security.web.access.intercept.FilterSecurityInterceptor.invoke(FilterSecurityInterceptor.java:127)
	at org.springframework.security.web.access.intercept.FilterSecurityInterceptor.doFilter(FilterSecurityInterceptor.java:91)
	at org.springframework.security.web.FilterChainProxy$VirtualFilterChain.doFilter(FilterChainProxy.java:334)
	at org.springframework.security.web.access.ExceptionTranslationFilter.doFilter(ExceptionTranslationFilter.java:119)
	at org.springframework.security.web.FilterChainProxy$VirtualFilterChain.doFilter(FilterChainProxy.java:334)
	at org.springframework.security.web.session.SessionManagementFilter.doFilter(SessionManagementFilter.java:137)
	at org.springframework.security.web.FilterChainProxy$VirtualFilterChain.doFilter(FilterChainProxy.java:334)
	at org.springframework.security.web.authentication.AnonymousAuthenticationFilter.doFilter(AnonymousAuthenticationFilter.java:111)
	at org.springframework.security.web.FilterChainProxy$VirtualFilterChain.doFilter(FilterChainProxy.java:334)
	at org.springframework.security.web.servletapi.SecurityContextHolderAwareRequestFilter.doFilter(SecurityContextHolderAwareRequestFilter.java:170)
	at org.springframework.security.web.FilterChainProxy$VirtualFilterChain.doFilter(FilterChainProxy.java:334)
	at org.springframework.security.web.savedrequest.RequestCacheAwareFilter.doFilter(RequestCacheAwareFilter.java:63)
	at org.springframework.security.web.FilterChainProxy$VirtualFilterChain.doFilter(FilterChainProxy.java:334)
	at org.springframework.security.web.authentication.AbstractAuthenticationProcessingFilter.doFilter(AbstractAuthenticationProcessingFilter.java:200)
	at org.springframework.security.web.FilterChainProxy$VirtualFilterChain.doFilter(FilterChainProxy.java:334)
	at org.springframework.security.web.authentication.logout.LogoutFilter.doFilter(LogoutFilter.java:116)
	at org.springframework.security.web.FilterChainProxy$VirtualFilterChain.doFilter(FilterChainProxy.java:334)
	at org.springframework.security.web.csrf.CsrfFilter.doFilterInternal(CsrfFilter.java:100)
	at org.springframework.web.filter.OncePerRequestFilter.doFilter(OncePerRequestFilter.java:118)
	at org.springframework.security.web.FilterChainProxy$VirtualFilterChain.doFilter(FilterChainProxy.java:334)
	at org.springframework.security.web.header.HeaderWriterFilter.doFilterInternal(HeaderWriterFilter.java:74)
	at org.springframework.web.filter.OncePerRequestFilter.doFilter(OncePerRequestFilter.java:118)
	at org.springframework.security.web.FilterChainProxy$VirtualFilterChain.doFilter(FilterChainProxy.java:334)
	at org.springframework.security.web.context.SecurityContextPersistenceFilter.doFilter(SecurityContextPersistenceFilter.java:105)
	at org.springframework.security.web.FilterChainProxy$VirtualFilterChain.doFilter(FilterChainProxy.java:334)
	at org.springframework.security.web.context.request.async.WebAsyncManagerIntegrationFilter.doFilterInternal(WebAsyncManagerIntegrationFilter.java:56)
	at org.springframework.web.filter.OncePerRequestFilter.doFilter(OncePerRequestFilter.java:118)
	at org.springframework.security.web.FilterChainProxy$VirtualFilterChain.doFilter(FilterChainProxy.java:334)
	at org.springframework.security.web.FilterChainProxy.doFilterInternal(FilterChainProxy.java:215)
	at org.springframework.security.web.FilterChainProxy.doFilter(FilterChainProxy.java:178)
	at org.springframework.web.filter.DelegatingFilterProxy.invokeDelegate(DelegatingFilterProxy.java:357)
	at org.springframework.web.filter.DelegatingFilterProxy.doFilter(DelegatingFilterProxy.java:270)
	at org.apache.catalina.core.ApplicationFilterChain.internalDoFilter(ApplicationFilterChain.java:193)
	at org.apache.catalina.core.ApplicationFilterChain.doFilter(ApplicationFilterChain.java:166)
	at org.springframework.web.filter.RequestContextFilter.doFilterInternal(RequestContextFilter.java:99)
	at org.springframework.web.filter.OncePerRequestFilter.doFilter(OncePerRequestFilter.java:118)
	at org.apache.catalina.core.ApplicationFilterChain.internalDoFilter(ApplicationFilterChain.java:193)
	at org.apache.catalina.core.ApplicationFilterChain.doFilter(ApplicationFilterChain.java:166)
	at org.springframework.web.filter.FormContentFilter.doFilterInternal(FormContentFilter.java:92)
	at org.springframework.web.filter.OncePerRequestFilter.doFilter(OncePerRequestFilter.java:118)
	at org.apache.catalina.core.ApplicationFilterChain.internalDoFilter(ApplicationFilterChain.java:193)
	at org.apache.catalina.core.ApplicationFilterChain.doFilter(ApplicationFilterChain.java:166)
	at org.springframework.web.filter.HiddenHttpMethodFilter.doFilterInternal(HiddenHttpMethodFilter.java:93)
	at org.springframework.web.filter.OncePerRequestFilter.doFilter(OncePerRequestFilter.java:118)
	at org.apache.catalina.core.ApplicationFilterChain.internalDoFilter(ApplicationFilterChain.java:193)
	at org.apache.catalina.core.ApplicationFilterChain.doFilter(ApplicationFilterChain.java:166)
	at org.springframework.boot.actuate.metrics.web.servlet.WebMvcMetricsFilter.filterAndRecordMetrics(WebMvcMetricsFilter.java:114)
	at org.springframework.boot.actuate.metrics.web.servlet.WebMvcMetricsFilter.doFilterInternal(WebMvcMetricsFilter.java:104)
	at org.springframework.web.filter.OncePerRequestFilter.doFilter(OncePerRequestFilter.java:118)
	at org.apache.catalina.core.ApplicationFilterChain.internalDoFilter(ApplicationFilterChain.java:193)
	at org.apache.catalina.core.ApplicationFilterChain.doFilter(ApplicationFilterChain.java:166)
	at org.springframework.web.filter.CharacterEncodingFilter.doFilterInternal(CharacterEncodingFilter.java:200)
	at org.springframework.web.filter.OncePerRequestFilter.doFilter(OncePerRequestFilter.java:118)
	at org.apache.catalina.core.ApplicationFilterChain.internalDoFilter(ApplicationFilterChain.java:193)
	at org.apache.catalina.core.ApplicationFilterChain.doFilter(ApplicationFilterChain.java:166)
	at org.apache.catalina.core.StandardWrapperValve.invoke(StandardWrapperValve.java:202)
	at org.apache.catalina.core.StandardContextValve.invoke(StandardContextValve.java:96)
	at org.apache.catalina.authenticator.AuthenticatorBase.invoke(AuthenticatorBase.java:490)
	at org.apache.catalina.core.StandardHostValve.invoke(StandardHostValve.java:139)
	at org.apache.catalina.valves.ErrorReportValve.invoke(ErrorReportValve.java:92)
	at org.apache.catalina.core.StandardEngineValve.invoke(StandardEngineValve.java:74)
	at org.apache.catalina.connector.CoyoteAdapter.service(CoyoteAdapter.java:343)
	at org.apache.coyote.http11.Http11Processor.service(Http11Processor.java:408)
	at org.apache.coyote.AbstractProcessorLight.process(AbstractProcessorLight.java:66)
	at org.apache.coyote.AbstractProtocol$ConnectionHandler.process(AbstractProtocol.java:853)
	at org.apache.tomcat.util.net.NioEndpoint$SocketProcessor.doRun(NioEndpoint.java:1587)
	at org.apache.tomcat.util.net.SocketProcessorBase.run(SocketProcessorBase.java:49)
	at java.base/java.util.concurrent.ThreadPoolExecutor.runWorker(ThreadPoolExecutor.java:1136)
	at java.base/java.util.concurrent.ThreadPoolExecutor$Worker.run(ThreadPoolExecutor.java:635)
	at org.apache.tomcat.util.threads.TaskThread$WrappingRunnable.run(TaskThread.java:61)
	at java.base/java.lang.Thread.run(Thread.java:833)
16:54:26.442 WARN  o.s.w.s.m.m.a.ExceptionHandlerExceptionResolver - Resolved [java.lang.NullPointerException: Cannot invoke "info.cheremisin.social.network.dto.UserDTO.getId()" because "user" is null]
16:54:28.315 ERROR i.c.s.n.e.ResponseExceptionHandler - >>>>>>>>>> Exception
16:54:28.315 ERROR i.c.s.n.e.ResponseExceptionHandler - Cannot invoke "info.cheremisin.social.network.dto.UserDTO.getId()" because "user" is null
java.lang.NullPointerException: Cannot invoke "info.cheremisin.social.network.dto.UserDTO.getId()" because "user" is null
	at info.cheremisin.social.network.controllers.FriendsController.getAllFriends(FriendsController.java:30)
	at java.base/jdk.internal.reflect.DirectMethodHandleAccessor.invoke(DirectMethodHandleAccessor.java:104)
	at java.base/java.lang.reflect.Method.invoke(Method.java:577)
	at org.springframework.web.method.support.InvocableHandlerMethod.doInvoke(InvocableHandlerMethod.java:190)
	at org.springframework.web.method.support.InvocableHandlerMethod.invokeForRequest(InvocableHandlerMethod.java:138)
	at org.springframework.web.servlet.mvc.method.annotation.ServletInvocableHandlerMethod.invokeAndHandle(ServletInvocableHandlerMethod.java:104)
	at org.springframework.web.servlet.mvc.method.annotation.RequestMappingHandlerAdapter.invokeHandlerMethod(RequestMappingHandlerAdapter.java:892)
	at org.springframework.web.servlet.mvc.method.annotation.RequestMappingHandlerAdapter.handleInternal(RequestMappingHandlerAdapter.java:797)
	at org.springframework.web.servlet.mvc.method.AbstractHandlerMethodAdapter.handle(AbstractHandlerMethodAdapter.java:87)
	at org.springframework.web.servlet.DispatcherServlet.doDispatch(DispatcherServlet.java:1039)
	at org.springframework.web.servlet.DispatcherServlet.doService(DispatcherServlet.java:942)
	at org.springframework.web.servlet.FrameworkServlet.processRequest(FrameworkServlet.java:1005)
	at org.springframework.web.servlet.FrameworkServlet.doGet(FrameworkServlet.java:897)
	at javax.servlet.http.HttpServlet.service(HttpServlet.java:634)
	at org.springframework.web.servlet.FrameworkServlet.service(FrameworkServlet.java:882)
	at javax.servlet.http.HttpServlet.service(HttpServlet.java:741)
	at org.apache.catalina.core.ApplicationFilterChain.internalDoFilter(ApplicationFilterChain.java:231)
	at org.apache.catalina.core.ApplicationFilterChain.doFilter(ApplicationFilterChain.java:166)
	at org.apache.tomcat.websocket.server.WsFilter.doFilter(WsFilter.java:53)
	at org.apache.catalina.core.ApplicationFilterChain.internalDoFilter(ApplicationFilterChain.java:193)
	at org.apache.catalina.core.ApplicationFilterChain.doFilter(ApplicationFilterChain.java:166)
	at org.springframework.boot.actuate.web.trace.servlet.HttpTraceFilter.doFilterInternal(HttpTraceFilter.java:88)
	at org.springframework.web.filter.OncePerRequestFilter.doFilter(OncePerRequestFilter.java:118)
	at org.apache.catalina.core.ApplicationFilterChain.internalDoFilter(ApplicationFilterChain.java:193)
	at org.apache.catalina.core.ApplicationFilterChain.doFilter(ApplicationFilterChain.java:166)
	at org.springframework.security.web.FilterChainProxy$VirtualFilterChain.doFilter(FilterChainProxy.java:320)
	at org.springframework.security.web.access.intercept.FilterSecurityInterceptor.invoke(FilterSecurityInterceptor.java:127)
	at org.springframework.security.web.access.intercept.FilterSecurityInterceptor.doFilter(FilterSecurityInterceptor.java:91)
	at org.springframework.security.web.FilterChainProxy$VirtualFilterChain.doFilter(FilterChainProxy.java:334)
	at org.springframework.security.web.access.ExceptionTranslationFilter.doFilter(ExceptionTranslationFilter.java:119)
	at org.springframework.security.web.FilterChainProxy$VirtualFilterChain.doFilter(FilterChainProxy.java:334)
	at org.springframework.security.web.session.SessionManagementFilter.doFilter(SessionManagementFilter.java:137)
	at org.springframework.security.web.FilterChainProxy$VirtualFilterChain.doFilter(FilterChainProxy.java:334)
	at org.springframework.security.web.authentication.AnonymousAuthenticationFilter.doFilter(AnonymousAuthenticationFilter.java:111)
	at org.springframework.security.web.FilterChainProxy$VirtualFilterChain.doFilter(FilterChainProxy.java:334)
	at org.springframework.security.web.servletapi.SecurityContextHolderAwareRequestFilter.doFilter(SecurityContextHolderAwareRequestFilter.java:170)
	at org.springframework.security.web.FilterChainProxy$VirtualFilterChain.doFilter(FilterChainProxy.java:334)
	at org.springframework.security.web.savedrequest.RequestCacheAwareFilter.doFilter(RequestCacheAwareFilter.java:63)
	at org.springframework.security.web.FilterChainProxy$VirtualFilterChain.doFilter(FilterChainProxy.java:334)
	at org.springframework.security.web.authentication.AbstractAuthenticationProcessingFilter.doFilter(AbstractAuthenticationProcessingFilter.java:200)
	at org.springframework.security.web.FilterChainProxy$VirtualFilterChain.doFilter(FilterChainProxy.java:334)
	at org.springframework.security.web.authentication.logout.LogoutFilter.doFilter(LogoutFilter.java:116)
	at org.springframework.security.web.FilterChainProxy$VirtualFilterChain.doFilter(FilterChainProxy.java:334)
	at org.springframework.security.web.csrf.CsrfFilter.doFilterInternal(CsrfFilter.java:100)
	at org.springframework.web.filter.OncePerRequestFilter.doFilter(OncePerRequestFilter.java:118)
	at org.springframework.security.web.FilterChainProxy$VirtualFilterChain.doFilter(FilterChainProxy.java:334)
	at org.springframework.security.web.header.HeaderWriterFilter.doFilterInternal(HeaderWriterFilter.java:74)
	at org.springframework.web.filter.OncePerRequestFilter.doFilter(OncePerRequestFilter.java:118)
	at org.springframework.security.web.FilterChainProxy$VirtualFilterChain.doFilter(FilterChainProxy.java:334)
	at org.springframework.security.web.context.SecurityContextPersistenceFilter.doFilter(SecurityContextPersistenceFilter.java:105)
	at org.springframework.security.web.FilterChainProxy$VirtualFilterChain.doFilter(FilterChainProxy.java:334)
	at org.springframework.security.web.context.request.async.WebAsyncManagerIntegrationFilter.doFilterInternal(WebAsyncManagerIntegrationFilter.java:56)
	at org.springframework.web.filter.OncePerRequestFilter.doFilter(OncePerRequestFilter.java:118)
	at org.springframework.security.web.FilterChainProxy$VirtualFilterChain.doFilter(FilterChainProxy.java:334)
	at org.springframework.security.web.FilterChainProxy.doFilterInternal(FilterChainProxy.java:215)
	at org.springframework.security.web.FilterChainProxy.doFilter(FilterChainProxy.java:178)
	at org.springframework.web.filter.DelegatingFilterProxy.invokeDelegate(DelegatingFilterProxy.java:357)
	at org.springframework.web.filter.DelegatingFilterProxy.doFilter(DelegatingFilterProxy.java:270)
	at org.apache.catalina.core.ApplicationFilterChain.internalDoFilter(ApplicationFilterChain.java:193)
	at org.apache.catalina.core.ApplicationFilterChain.doFilter(ApplicationFilterChain.java:166)
	at org.springframework.web.filter.RequestContextFilter.doFilterInternal(RequestContextFilter.java:99)
	at org.springframework.web.filter.OncePerRequestFilter.doFilter(OncePerRequestFilter.java:118)
	at org.apache.catalina.core.ApplicationFilterChain.internalDoFilter(ApplicationFilterChain.java:193)
	at org.apache.catalina.core.ApplicationFilterChain.doFilter(ApplicationFilterChain.java:166)
	at org.springframework.web.filter.FormContentFilter.doFilterInternal(FormContentFilter.java:92)
	at org.springframework.web.filter.OncePerRequestFilter.doFilter(OncePerRequestFilter.java:118)
	at org.apache.catalina.core.ApplicationFilterChain.internalDoFilter(ApplicationFilterChain.java:193)
	at org.apache.catalina.core.ApplicationFilterChain.doFilter(ApplicationFilterChain.java:166)
	at org.springframework.web.filter.HiddenHttpMethodFilter.doFilterInternal(HiddenHttpMethodFilter.java:93)
	at org.springframework.web.filter.OncePerRequestFilter.doFilter(OncePerRequestFilter.java:118)
	at org.apache.catalina.core.ApplicationFilterChain.internalDoFilter(ApplicationFilterChain.java:193)
	at org.apache.catalina.core.ApplicationFilterChain.doFilter(ApplicationFilterChain.java:166)
	at org.springframework.boot.actuate.metrics.web.servlet.WebMvcMetricsFilter.filterAndRecordMetrics(WebMvcMetricsFilter.java:114)
	at org.springframework.boot.actuate.metrics.web.servlet.WebMvcMetricsFilter.doFilterInternal(WebMvcMetricsFilter.java:104)
	at org.springframework.web.filter.OncePerRequestFilter.doFilter(OncePerRequestFilter.java:118)
	at org.apache.catalina.core.ApplicationFilterChain.internalDoFilter(ApplicationFilterChain.java:193)
	at org.apache.catalina.core.ApplicationFilterChain.doFilter(ApplicationFilterChain.java:166)
	at org.springframework.web.filter.CharacterEncodingFilter.doFilterInternal(CharacterEncodingFilter.java:200)
	at org.springframework.web.filter.OncePerRequestFilter.doFilter(OncePerRequestFilter.java:118)
	at org.apache.catalina.core.ApplicationFilterChain.internalDoFilter(ApplicationFilterChain.java:193)
	at org.apache.catalina.core.ApplicationFilterChain.doFilter(ApplicationFilterChain.java:166)
	at org.apache.catalina.core.StandardWrapperValve.invoke(StandardWrapperValve.java:202)
	at org.apache.catalina.core.StandardContextValve.invoke(StandardContextValve.java:96)
	at org.apache.catalina.authenticator.AuthenticatorBase.invoke(AuthenticatorBase.java:490)
	at org.apache.catalina.core.StandardHostValve.invoke(StandardHostValve.java:139)
	at org.apache.catalina.valves.ErrorReportValve.invoke(ErrorReportValve.java:92)
	at org.apache.catalina.core.StandardEngineValve.invoke(StandardEngineValve.java:74)
	at org.apache.catalina.connector.CoyoteAdapter.service(CoyoteAdapter.java:343)
	at org.apache.coyote.http11.Http11Processor.service(Http11Processor.java:408)
	at org.apache.coyote.AbstractProcessorLight.process(AbstractProcessorLight.java:66)
	at org.apache.coyote.AbstractProtocol$ConnectionHandler.process(AbstractProtocol.java:853)
	at org.apache.tomcat.util.net.NioEndpoint$SocketProcessor.doRun(NioEndpoint.java:1587)
	at org.apache.tomcat.util.net.SocketProcessorBase.run(SocketProcessorBase.java:49)
	at java.base/java.util.concurrent.ThreadPoolExecutor.runWorker(ThreadPoolExecutor.java:1136)
	at java.base/java.util.concurrent.ThreadPoolExecutor$Worker.run(ThreadPoolExecutor.java:635)
	at org.apache.tomcat.util.threads.TaskThread$WrappingRunnable.run(TaskThread.java:61)
	at java.base/java.lang.Thread.run(Thread.java:833)
16:54:28.315 WARN  o.s.w.s.m.m.a.ExceptionHandlerExceptionResolver - Resolved [java.lang.NullPointerException: Cannot invoke "info.cheremisin.social.network.dto.UserDTO.getId()" because "user" is null]
16:54:38.218 DEBUG org.hibernate.SQL - select user0_.id as id1_3_, user0_.date_of_birth as date_of_2_3_, user0_.username as username3_3_, user0_.first_name as first_na4_3_, user0_.image as image5_3_, user0_.last_name as last_nam6_3_, user0_.password as password7_3_, user0_.phone as phone8_3_, user0_.sex as sex9_3_ from user user0_ where user0_.username=?
16:55:45.776 INFO  o.s.s.c.ThreadPoolTaskExecutor - Shutting down ExecutorService 'applicationTaskExecutor'
16:55:45.778 INFO  o.s.o.j.LocalContainerEntityManagerFactoryBean - Closing JPA EntityManagerFactory for persistence unit 'default'
16:55:45.782 WARN  o.s.b.f.s.DisposableBeanAdapter - Invocation of destroy method failed on bean with name 'inMemoryDatabaseShutdownExecutor': org.h2.jdbc.JdbcSQLNonTransientConnectionException: Database is already closed (to disable automatic closing at VM shutdown, add ";DB_CLOSE_ON_EXIT=FALSE" to the db URL) [90121-199]
16:55:45.783 INFO  com.zaxxer.hikari.HikariDataSource - HikariPool-1 - Shutdown initiated...
16:55:45.784 INFO  com.zaxxer.hikari.HikariDataSource - HikariPool-1 - Shutdown completed.
